The system is: Linux - 4.8.0-36-generic - x86_64
Compiling the C compiler identification source file "CMakeCCompilerId.c" succeeded.
Compiler: /usr/bin/clang 
Build flags: ;-fno-stack-protector
Id flags: 

The output was:
0


Compilation of the C compiler identification source "CMakeCCompilerId.c" produced "a.out"

The C compiler identification is Clang, found in "/home/felix/Desktop/NativeSetup/swift-linuxSetup/native_install/build/2pass/swift-linux-x86_64/CMakeFiles/3.5.1/CompilerIdC/a.out"

Compiling the CXX compiler identification source file "CMakeCXXCompilerId.cpp" succeeded.
Compiler: /usr/bin/clang++ 
Build flags: ;-fno-stack-protector
Id flags: 

The output was:
0


Compilation of the CXX compiler identification source "CMakeCXXCompilerId.cpp" produced "a.out"

The CXX compiler identification is Clang, found in "/home/felix/Desktop/NativeSetup/swift-linuxSetup/native_install/build/2pass/swift-linux-x86_64/CMakeFiles/3.5.1/CompilerIdCXX/a.out"

Determining if the C compiler works passed with the following output:
Change Dir: /home/felix/Desktop/NativeSetup/swift-linuxSetup/native_install/build/2pass/swift-linux-x86_64/CMakeFiles/CMakeTmp

Run Build Command:"/usr/bin/ninja" "cmTC_18e33"
[1/2] Building C object CMakeFiles/cmTC_18e33.dir/testCCompiler.c.o
[2/2] Linking C executable cmTC_18e33


Detecting C compiler ABI info compiled with the following output:
Change Dir: /home/felix/Desktop/NativeSetup/swift-linuxSetup/native_install/build/2pass/swift-linux-x86_64/CMakeFiles/CMakeTmp

Run Build Command:"/usr/bin/ninja" "cmTC_f891c"
[1/2] Building C object CMakeFiles/cmTC_f891c.dir/CMakeCCompilerABI.c.o
[2/2] Linking C executable cmTC_f891c
clang version 3.8.0-2ubuntu4 (tags/RELEASE_380/final)
Target: x86_64-pc-linux-gnu
Thread model: posix
InstalledDir: /usr/bin
Found candidate GCC installation: /usr/bin/../lib/gcc/x86_64-linux-gnu/5.4.0
Found candidate GCC installation: /usr/bin/../lib/gcc/x86_64-linux-gnu/6.0.0
Found candidate GCC installation: /usr/lib/gcc/x86_64-linux-gnu/5.4.0
Found candidate GCC installation: /usr/lib/gcc/x86_64-linux-gnu/6.0.0
Selected GCC installation: /usr/bin/../lib/gcc/x86_64-linux-gnu/5.4.0
Candidate multilib: .;@m64
Selected multilib: .;@m64
 "/usr/bin/ld" -z relro --hash-style=gnu --build-id --eh-frame-hdr -m elf_x86_64 -dynamic-linker /lib64/ld-linux-x86-64.so.2 -o cmTC_f891c /usr/bin/../lib/gcc/x86_64-linux-gnu/5.4.0/../../../x86_64-linux-gnu/crt1.o /usr/bin/../lib/gcc/x86_64-linux-gnu/5.4.0/../../../x86_64-linux-gnu/crti.o /usr/bin/../lib/gcc/x86_64-linux-gnu/5.4.0/crtbegin.o -L/usr/bin/../lib/gcc/x86_64-linux-gnu/5.4.0 -L/usr/bin/../lib/gcc/x86_64-linux-gnu/5.4.0/../../../x86_64-linux-gnu -L/lib/x86_64-linux-gnu -L/lib/../lib64 -L/usr/lib/x86_64-linux-gnu -L/usr/bin/../lib/gcc/x86_64-linux-gnu/5.4.0/../../.. -L/usr/lib/llvm-3.8/bin/../lib -L/lib -L/usr/lib CMakeFiles/cmTC_f891c.dir/CMakeCCompilerABI.c.o -lgcc --as-needed -lgcc_s --no-as-needed -lc -lgcc --as-needed -lgcc_s --no-as-needed /usr/bin/../lib/gcc/x86_64-linux-gnu/5.4.0/crtend.o /usr/bin/../lib/gcc/x86_64-linux-gnu/5.4.0/../../../x86_64-linux-gnu/crtn.o


Parsed C implicit link information from above output:
  link line regex: [^( *|.*[/\])(ld|([^/\]+-)?ld|collect2)[^/\]*( |$)]
  ignore line: [Change Dir: /home/felix/Desktop/NativeSetup/swift-linuxSetup/native_install/build/2pass/swift-linux-x86_64/CMakeFiles/CMakeTmp]
  ignore line: []
  ignore line: [Run Build Command:"/usr/bin/ninja" "cmTC_f891c"]
  ignore line: [[1/2] Building C object CMakeFiles/cmTC_f891c.dir/CMakeCCompilerABI.c.o]
  ignore line: [[2/2] Linking C executable cmTC_f891c]
  ignore line: [clang version 3.8.0-2ubuntu4 (tags/RELEASE_380/final)]
  ignore line: [Target: x86_64-pc-linux-gnu]
  ignore line: [Thread model: posix]
  ignore line: [InstalledDir: /usr/bin]
  ignore line: [Found candidate GCC installation: /usr/bin/../lib/gcc/x86_64-linux-gnu/5.4.0]
  ignore line: [Found candidate GCC installation: /usr/bin/../lib/gcc/x86_64-linux-gnu/6.0.0]
  ignore line: [Found candidate GCC installation: /usr/lib/gcc/x86_64-linux-gnu/5.4.0]
  ignore line: [Found candidate GCC installation: /usr/lib/gcc/x86_64-linux-gnu/6.0.0]
  ignore line: [Selected GCC installation: /usr/bin/../lib/gcc/x86_64-linux-gnu/5.4.0]
  ignore line: [Candidate multilib: .]
  ignore line: [@m64]
  ignore line: [Selected multilib: .]
  ignore line: [@m64]
  link line: [ "/usr/bin/ld" -z relro --hash-style=gnu --build-id --eh-frame-hdr -m elf_x86_64 -dynamic-linker /lib64/ld-linux-x86-64.so.2 -o cmTC_f891c /usr/bin/../lib/gcc/x86_64-linux-gnu/5.4.0/../../../x86_64-linux-gnu/crt1.o /usr/bin/../lib/gcc/x86_64-linux-gnu/5.4.0/../../../x86_64-linux-gnu/crti.o /usr/bin/../lib/gcc/x86_64-linux-gnu/5.4.0/crtbegin.o -L/usr/bin/../lib/gcc/x86_64-linux-gnu/5.4.0 -L/usr/bin/../lib/gcc/x86_64-linux-gnu/5.4.0/../../../x86_64-linux-gnu -L/lib/x86_64-linux-gnu -L/lib/../lib64 -L/usr/lib/x86_64-linux-gnu -L/usr/bin/../lib/gcc/x86_64-linux-gnu/5.4.0/../../.. -L/usr/lib/llvm-3.8/bin/../lib -L/lib -L/usr/lib CMakeFiles/cmTC_f891c.dir/CMakeCCompilerABI.c.o -lgcc --as-needed -lgcc_s --no-as-needed -lc -lgcc --as-needed -lgcc_s --no-as-needed /usr/bin/../lib/gcc/x86_64-linux-gnu/5.4.0/crtend.o /usr/bin/../lib/gcc/x86_64-linux-gnu/5.4.0/../../../x86_64-linux-gnu/crtn.o]
    arg [/usr/bin/ld] ==> ignore
    arg [-zrelro] ==> ignore
    arg [--hash-style=gnu] ==> ignore
    arg [--build-id] ==> ignore
    arg [--eh-frame-hdr] ==> ignore
    arg [-m] ==> ignore
    arg [elf_x86_64] ==> ignore
    arg [-dynamic-linker] ==> ignore
    arg [/lib64/ld-linux-x86-64.so.2] ==> ignore
    arg [-o] ==> ignore
    arg [cmTC_f891c] ==> ignore
    arg [/usr/bin/../lib/gcc/x86_64-linux-gnu/5.4.0/../../../x86_64-linux-gnu/crt1.o] ==> ignore
    arg [/usr/bin/../lib/gcc/x86_64-linux-gnu/5.4.0/../../../x86_64-linux-gnu/crti.o] ==> ignore
    arg [/usr/bin/../lib/gcc/x86_64-linux-gnu/5.4.0/crtbegin.o] ==> ignore
    arg [-L/usr/bin/../lib/gcc/x86_64-linux-gnu/5.4.0] ==> dir [/usr/bin/../lib/gcc/x86_64-linux-gnu/5.4.0]
    arg [-L/usr/bin/../lib/gcc/x86_64-linux-gnu/5.4.0/../../../x86_64-linux-gnu] ==> dir [/usr/bin/../lib/gcc/x86_64-linux-gnu/5.4.0/../../../x86_64-linux-gnu]
    arg [-L/lib/x86_64-linux-gnu] ==> dir [/lib/x86_64-linux-gnu]
    arg [-L/lib/../lib64] ==> dir [/lib/../lib64]
    arg [-L/usr/lib/x86_64-linux-gnu] ==> dir [/usr/lib/x86_64-linux-gnu]
    arg [-L/usr/bin/../lib/gcc/x86_64-linux-gnu/5.4.0/../../..] ==> dir [/usr/bin/../lib/gcc/x86_64-linux-gnu/5.4.0/../../..]
    arg [-L/usr/lib/llvm-3.8/bin/../lib] ==> dir [/usr/lib/llvm-3.8/bin/../lib]
    arg [-L/lib] ==> dir [/lib]
    arg [-L/usr/lib] ==> dir [/usr/lib]
    arg [CMakeFiles/cmTC_f891c.dir/CMakeCCompilerABI.c.o] ==> ignore
    arg [-lgcc] ==> lib [gcc]
    arg [--as-needed] ==> ignore
    arg [-lgcc_s] ==> lib [gcc_s]
    arg [--no-as-needed] ==> ignore
    arg [-lc] ==> lib [c]
    arg [-lgcc] ==> lib [gcc]
    arg [--as-needed] ==> ignore
    arg [-lgcc_s] ==> lib [gcc_s]
    arg [--no-as-needed] ==> ignore
    arg [/usr/bin/../lib/gcc/x86_64-linux-gnu/5.4.0/crtend.o] ==> ignore
    arg [/usr/bin/../lib/gcc/x86_64-linux-gnu/5.4.0/../../../x86_64-linux-gnu/crtn.o] ==> ignore
  remove lib [gcc]
  remove lib [gcc_s]
  remove lib [gcc]
  remove lib [gcc_s]
  collapse library dir [/usr/bin/../lib/gcc/x86_64-linux-gnu/5.4.0] ==> [/usr/lib/gcc/x86_64-linux-gnu/5.4.0]
  collapse library dir [/usr/bin/../lib/gcc/x86_64-linux-gnu/5.4.0/../../../x86_64-linux-gnu] ==> [/usr/lib/x86_64-linux-gnu]
  collapse library dir [/lib/x86_64-linux-gnu] ==> [/lib/x86_64-linux-gnu]
  collapse library dir [/lib/../lib64] ==> [/lib64]
  collapse library dir [/usr/lib/x86_64-linux-gnu] ==> [/usr/lib/x86_64-linux-gnu]
  collapse library dir [/usr/bin/../lib/gcc/x86_64-linux-gnu/5.4.0/../../..] ==> [/usr/lib]
  collapse library dir [/usr/lib/llvm-3.8/bin/../lib] ==> [/usr/lib/llvm-3.8/lib]
  collapse library dir [/lib] ==> [/lib]
  collapse library dir [/usr/lib] ==> [/usr/lib]
  implicit libs: [c]
  implicit dirs: [/usr/lib/gcc/x86_64-linux-gnu/5.4.0;/usr/lib/x86_64-linux-gnu;/lib/x86_64-linux-gnu;/lib64;/usr/lib;/usr/lib/llvm-3.8/lib;/lib]
  implicit fwks: []




Detecting C [-std=c11] compiler features compiled with the following output:
Change Dir: /home/felix/Desktop/NativeSetup/swift-linuxSetup/native_install/build/2pass/swift-linux-x86_64/CMakeFiles/CMakeTmp

Run Build Command:"/usr/bin/ninja" "cmTC_e6859"
[1/2] Building C object CMakeFiles/cmTC_e6859.dir/feature_tests.c.o
[2/2] Linking C executable cmTC_e6859


    Feature record: C_FEATURE:1c_function_prototypes
    Feature record: C_FEATURE:1c_restrict
    Feature record: C_FEATURE:1c_static_assert
    Feature record: C_FEATURE:1c_variadic_macros


Detecting C [-std=c99] compiler features compiled with the following output:
Change Dir: /home/felix/Desktop/NativeSetup/swift-linuxSetup/native_install/build/2pass/swift-linux-x86_64/CMakeFiles/CMakeTmp

Run Build Command:"/usr/bin/ninja" "cmTC_e2c91"
[1/2] Building C object CMakeFiles/cmTC_e2c91.dir/feature_tests.c.o
[2/2] Linking C executable cmTC_e2c91


    Feature record: C_FEATURE:1c_function_prototypes
    Feature record: C_FEATURE:1c_restrict
    Feature record: C_FEATURE:0c_static_assert
    Feature record: C_FEATURE:1c_variadic_macros


Detecting C [-std=c90] compiler features compiled with the following output:
Change Dir: /home/felix/Desktop/NativeSetup/swift-linuxSetup/native_install/build/2pass/swift-linux-x86_64/CMakeFiles/CMakeTmp

Run Build Command:"/usr/bin/ninja" "cmTC_88b13"
[1/2] Building C object CMakeFiles/cmTC_88b13.dir/feature_tests.c.o
[2/2] Linking C executable cmTC_88b13


    Feature record: C_FEATURE:1c_function_prototypes
    Feature record: C_FEATURE:0c_restrict
    Feature record: C_FEATURE:0c_static_assert
    Feature record: C_FEATURE:0c_variadic_macros
Determining if the CXX compiler works passed with the following output:
Change Dir: /home/felix/Desktop/NativeSetup/swift-linuxSetup/native_install/build/2pass/swift-linux-x86_64/CMakeFiles/CMakeTmp

Run Build Command:"/usr/bin/ninja" "cmTC_2d433"
[1/2] Building CXX object CMakeFiles/cmTC_2d433.dir/testCXXCompiler.cxx.o
[2/2] Linking CXX executable cmTC_2d433


Detecting CXX compiler ABI info compiled with the following output:
Change Dir: /home/felix/Desktop/NativeSetup/swift-linuxSetup/native_install/build/2pass/swift-linux-x86_64/CMakeFiles/CMakeTmp

Run Build Command:"/usr/bin/ninja" "cmTC_2d810"
[1/2] Building CXX object CMakeFiles/cmTC_2d810.dir/CMakeCXXCompilerABI.cpp.o
[2/2] Linking CXX executable cmTC_2d810
clang version 3.8.0-2ubuntu4 (tags/RELEASE_380/final)
Target: x86_64-pc-linux-gnu
Thread model: posix
InstalledDir: /usr/bin
Found candidate GCC installation: /usr/bin/../lib/gcc/x86_64-linux-gnu/5.4.0
Found candidate GCC installation: /usr/bin/../lib/gcc/x86_64-linux-gnu/6.0.0
Found candidate GCC installation: /usr/lib/gcc/x86_64-linux-gnu/5.4.0
Found candidate GCC installation: /usr/lib/gcc/x86_64-linux-gnu/6.0.0
Selected GCC installation: /usr/bin/../lib/gcc/x86_64-linux-gnu/5.4.0
Candidate multilib: .;@m64
Selected multilib: .;@m64
 "/usr/bin/ld" -z relro --hash-style=gnu --build-id --eh-frame-hdr -m elf_x86_64 -dynamic-linker /lib64/ld-linux-x86-64.so.2 -o cmTC_2d810 /usr/bin/../lib/gcc/x86_64-linux-gnu/5.4.0/../../../x86_64-linux-gnu/crt1.o /usr/bin/../lib/gcc/x86_64-linux-gnu/5.4.0/../../../x86_64-linux-gnu/crti.o /usr/bin/../lib/gcc/x86_64-linux-gnu/5.4.0/crtbegin.o -L/usr/bin/../lib/gcc/x86_64-linux-gnu/5.4.0 -L/usr/bin/../lib/gcc/x86_64-linux-gnu/5.4.0/../../../x86_64-linux-gnu -L/lib/x86_64-linux-gnu -L/lib/../lib64 -L/usr/lib/x86_64-linux-gnu -L/usr/bin/../lib/gcc/x86_64-linux-gnu/5.4.0/../../.. -L/usr/lib/llvm-3.8/bin/../lib -L/lib -L/usr/lib CMakeFiles/cmTC_2d810.dir/CMakeCXXCompilerABI.cpp.o -lstdc++ -lm -lgcc_s -lgcc -lc -lgcc_s -lgcc /usr/bin/../lib/gcc/x86_64-linux-gnu/5.4.0/crtend.o /usr/bin/../lib/gcc/x86_64-linux-gnu/5.4.0/../../../x86_64-linux-gnu/crtn.o


Parsed CXX implicit link information from above output:
  link line regex: [^( *|.*[/\])(ld|([^/\]+-)?ld|collect2)[^/\]*( |$)]
  ignore line: [Change Dir: /home/felix/Desktop/NativeSetup/swift-linuxSetup/native_install/build/2pass/swift-linux-x86_64/CMakeFiles/CMakeTmp]
  ignore line: []
  ignore line: [Run Build Command:"/usr/bin/ninja" "cmTC_2d810"]
  ignore line: [[1/2] Building CXX object CMakeFiles/cmTC_2d810.dir/CMakeCXXCompilerABI.cpp.o]
  ignore line: [[2/2] Linking CXX executable cmTC_2d810]
  ignore line: [clang version 3.8.0-2ubuntu4 (tags/RELEASE_380/final)]
  ignore line: [Target: x86_64-pc-linux-gnu]
  ignore line: [Thread model: posix]
  ignore line: [InstalledDir: /usr/bin]
  ignore line: [Found candidate GCC installation: /usr/bin/../lib/gcc/x86_64-linux-gnu/5.4.0]
  ignore line: [Found candidate GCC installation: /usr/bin/../lib/gcc/x86_64-linux-gnu/6.0.0]
  ignore line: [Found candidate GCC installation: /usr/lib/gcc/x86_64-linux-gnu/5.4.0]
  ignore line: [Found candidate GCC installation: /usr/lib/gcc/x86_64-linux-gnu/6.0.0]
  ignore line: [Selected GCC installation: /usr/bin/../lib/gcc/x86_64-linux-gnu/5.4.0]
  ignore line: [Candidate multilib: .]
  ignore line: [@m64]
  ignore line: [Selected multilib: .]
  ignore line: [@m64]
  link line: [ "/usr/bin/ld" -z relro --hash-style=gnu --build-id --eh-frame-hdr -m elf_x86_64 -dynamic-linker /lib64/ld-linux-x86-64.so.2 -o cmTC_2d810 /usr/bin/../lib/gcc/x86_64-linux-gnu/5.4.0/../../../x86_64-linux-gnu/crt1.o /usr/bin/../lib/gcc/x86_64-linux-gnu/5.4.0/../../../x86_64-linux-gnu/crti.o /usr/bin/../lib/gcc/x86_64-linux-gnu/5.4.0/crtbegin.o -L/usr/bin/../lib/gcc/x86_64-linux-gnu/5.4.0 -L/usr/bin/../lib/gcc/x86_64-linux-gnu/5.4.0/../../../x86_64-linux-gnu -L/lib/x86_64-linux-gnu -L/lib/../lib64 -L/usr/lib/x86_64-linux-gnu -L/usr/bin/../lib/gcc/x86_64-linux-gnu/5.4.0/../../.. -L/usr/lib/llvm-3.8/bin/../lib -L/lib -L/usr/lib CMakeFiles/cmTC_2d810.dir/CMakeCXXCompilerABI.cpp.o -lstdc++ -lm -lgcc_s -lgcc -lc -lgcc_s -lgcc /usr/bin/../lib/gcc/x86_64-linux-gnu/5.4.0/crtend.o /usr/bin/../lib/gcc/x86_64-linux-gnu/5.4.0/../../../x86_64-linux-gnu/crtn.o]
    arg [/usr/bin/ld] ==> ignore
    arg [-zrelro] ==> ignore
    arg [--hash-style=gnu] ==> ignore
    arg [--build-id] ==> ignore
    arg [--eh-frame-hdr] ==> ignore
    arg [-m] ==> ignore
    arg [elf_x86_64] ==> ignore
    arg [-dynamic-linker] ==> ignore
    arg [/lib64/ld-linux-x86-64.so.2] ==> ignore
    arg [-o] ==> ignore
    arg [cmTC_2d810] ==> ignore
    arg [/usr/bin/../lib/gcc/x86_64-linux-gnu/5.4.0/../../../x86_64-linux-gnu/crt1.o] ==> ignore
    arg [/usr/bin/../lib/gcc/x86_64-linux-gnu/5.4.0/../../../x86_64-linux-gnu/crti.o] ==> ignore
    arg [/usr/bin/../lib/gcc/x86_64-linux-gnu/5.4.0/crtbegin.o] ==> ignore
    arg [-L/usr/bin/../lib/gcc/x86_64-linux-gnu/5.4.0] ==> dir [/usr/bin/../lib/gcc/x86_64-linux-gnu/5.4.0]
    arg [-L/usr/bin/../lib/gcc/x86_64-linux-gnu/5.4.0/../../../x86_64-linux-gnu] ==> dir [/usr/bin/../lib/gcc/x86_64-linux-gnu/5.4.0/../../../x86_64-linux-gnu]
    arg [-L/lib/x86_64-linux-gnu] ==> dir [/lib/x86_64-linux-gnu]
    arg [-L/lib/../lib64] ==> dir [/lib/../lib64]
    arg [-L/usr/lib/x86_64-linux-gnu] ==> dir [/usr/lib/x86_64-linux-gnu]
    arg [-L/usr/bin/../lib/gcc/x86_64-linux-gnu/5.4.0/../../..] ==> dir [/usr/bin/../lib/gcc/x86_64-linux-gnu/5.4.0/../../..]
    arg [-L/usr/lib/llvm-3.8/bin/../lib] ==> dir [/usr/lib/llvm-3.8/bin/../lib]
    arg [-L/lib] ==> dir [/lib]
    arg [-L/usr/lib] ==> dir [/usr/lib]
    arg [CMakeFiles/cmTC_2d810.dir/CMakeCXXCompilerABI.cpp.o] ==> ignore
    arg [-lstdc++] ==> lib [stdc++]
    arg [-lm] ==> lib [m]
    arg [-lgcc_s] ==> lib [gcc_s]
    arg [-lgcc] ==> lib [gcc]
    arg [-lc] ==> lib [c]
    arg [-lgcc_s] ==> lib [gcc_s]
    arg [-lgcc] ==> lib [gcc]
    arg [/usr/bin/../lib/gcc/x86_64-linux-gnu/5.4.0/crtend.o] ==> ignore
    arg [/usr/bin/../lib/gcc/x86_64-linux-gnu/5.4.0/../../../x86_64-linux-gnu/crtn.o] ==> ignore
  remove lib [gcc_s]
  remove lib [gcc]
  remove lib [gcc_s]
  remove lib [gcc]
  collapse library dir [/usr/bin/../lib/gcc/x86_64-linux-gnu/5.4.0] ==> [/usr/lib/gcc/x86_64-linux-gnu/5.4.0]
  collapse library dir [/usr/bin/../lib/gcc/x86_64-linux-gnu/5.4.0/../../../x86_64-linux-gnu] ==> [/usr/lib/x86_64-linux-gnu]
  collapse library dir [/lib/x86_64-linux-gnu] ==> [/lib/x86_64-linux-gnu]
  collapse library dir [/lib/../lib64] ==> [/lib64]
  collapse library dir [/usr/lib/x86_64-linux-gnu] ==> [/usr/lib/x86_64-linux-gnu]
  collapse library dir [/usr/bin/../lib/gcc/x86_64-linux-gnu/5.4.0/../../..] ==> [/usr/lib]
  collapse library dir [/usr/lib/llvm-3.8/bin/../lib] ==> [/usr/lib/llvm-3.8/lib]
  collapse library dir [/lib] ==> [/lib]
  collapse library dir [/usr/lib] ==> [/usr/lib]
  implicit libs: [stdc++;m;c]
  implicit dirs: [/usr/lib/gcc/x86_64-linux-gnu/5.4.0;/usr/lib/x86_64-linux-gnu;/lib/x86_64-linux-gnu;/lib64;/usr/lib;/usr/lib/llvm-3.8/lib;/lib]
  implicit fwks: []




Detecting CXX [-std=c++14] compiler features compiled with the following output:
Change Dir: /home/felix/Desktop/NativeSetup/swift-linuxSetup/native_install/build/2pass/swift-linux-x86_64/CMakeFiles/CMakeTmp

Run Build Command:"/usr/bin/ninja" "cmTC_47bbe"
[1/2] Building CXX object CMakeFiles/cmTC_47bbe.dir/feature_tests.cxx.o
[2/2] Linking CXX executable cmTC_47bbe


    Feature record: CXX_FEATURE:1cxx_aggregate_default_initializers
    Feature record: CXX_FEATURE:1cxx_alias_templates
    Feature record: CXX_FEATURE:1cxx_alignas
    Feature record: CXX_FEATURE:1cxx_alignof
    Feature record: CXX_FEATURE:1cxx_attributes
    Feature record: CXX_FEATURE:1cxx_attribute_deprecated
    Feature record: CXX_FEATURE:1cxx_auto_type
    Feature record: CXX_FEATURE:1cxx_binary_literals
    Feature record: CXX_FEATURE:1cxx_constexpr
    Feature record: CXX_FEATURE:1cxx_contextual_conversions
    Feature record: CXX_FEATURE:1cxx_decltype
    Feature record: CXX_FEATURE:1cxx_decltype_auto
    Feature record: CXX_FEATURE:1cxx_decltype_incomplete_return_types
    Feature record: CXX_FEATURE:1cxx_default_function_template_args
    Feature record: CXX_FEATURE:1cxx_defaulted_functions
    Feature record: CXX_FEATURE:1cxx_defaulted_move_initializers
    Feature record: CXX_FEATURE:1cxx_delegating_constructors
    Feature record: CXX_FEATURE:1cxx_deleted_functions
    Feature record: CXX_FEATURE:1cxx_digit_separators
    Feature record: CXX_FEATURE:1cxx_enum_forward_declarations
    Feature record: CXX_FEATURE:1cxx_explicit_conversions
    Feature record: CXX_FEATURE:1cxx_extended_friend_declarations
    Feature record: CXX_FEATURE:1cxx_extern_templates
    Feature record: CXX_FEATURE:1cxx_final
    Feature record: CXX_FEATURE:1cxx_func_identifier
    Feature record: CXX_FEATURE:1cxx_generalized_initializers
    Feature record: CXX_FEATURE:1cxx_generic_lambdas
    Feature record: CXX_FEATURE:1cxx_inheriting_constructors
    Feature record: CXX_FEATURE:1cxx_inline_namespaces
    Feature record: CXX_FEATURE:1cxx_lambdas
    Feature record: CXX_FEATURE:1cxx_lambda_init_captures
    Feature record: CXX_FEATURE:1cxx_local_type_template_args
    Feature record: CXX_FEATURE:1cxx_long_long_type
    Feature record: CXX_FEATURE:1cxx_noexcept
    Feature record: CXX_FEATURE:1cxx_nonstatic_member_init
    Feature record: CXX_FEATURE:1cxx_nullptr
    Feature record: CXX_FEATURE:1cxx_override
    Feature record: CXX_FEATURE:1cxx_range_for
    Feature record: CXX_FEATURE:1cxx_raw_string_literals
    Feature record: CXX_FEATURE:1cxx_reference_qualified_functions
    Feature record: CXX_FEATURE:1cxx_relaxed_constexpr
    Feature record: CXX_FEATURE:1cxx_return_type_deduction
    Feature record: CXX_FEATURE:1cxx_right_angle_brackets
    Feature record: CXX_FEATURE:1cxx_rvalue_references
    Feature record: CXX_FEATURE:1cxx_sizeof_member
    Feature record: CXX_FEATURE:1cxx_static_assert
    Feature record: CXX_FEATURE:1cxx_strong_enums
    Feature record: CXX_FEATURE:1cxx_template_template_parameters
    Feature record: CXX_FEATURE:1cxx_thread_local
    Feature record: CXX_FEATURE:1cxx_trailing_return_types
    Feature record: CXX_FEATURE:1cxx_unicode_literals
    Feature record: CXX_FEATURE:1cxx_uniform_initialization
    Feature record: CXX_FEATURE:1cxx_unrestricted_unions
    Feature record: CXX_FEATURE:1cxx_user_literals
    Feature record: CXX_FEATURE:1cxx_variable_templates
    Feature record: CXX_FEATURE:1cxx_variadic_macros
    Feature record: CXX_FEATURE:1cxx_variadic_templates


Detecting CXX [-std=c++11] compiler features compiled with the following output:
Change Dir: /home/felix/Desktop/NativeSetup/swift-linuxSetup/native_install/build/2pass/swift-linux-x86_64/CMakeFiles/CMakeTmp

Run Build Command:"/usr/bin/ninja" "cmTC_60ab3"
[1/2] Building CXX object CMakeFiles/cmTC_60ab3.dir/feature_tests.cxx.o
[2/2] Linking CXX executable cmTC_60ab3


    Feature record: CXX_FEATURE:0cxx_aggregate_default_initializers
    Feature record: CXX_FEATURE:1cxx_alias_templates
    Feature record: CXX_FEATURE:1cxx_alignas
    Feature record: CXX_FEATURE:1cxx_alignof
    Feature record: CXX_FEATURE:1cxx_attributes
    Feature record: CXX_FEATURE:0cxx_attribute_deprecated
    Feature record: CXX_FEATURE:1cxx_auto_type
    Feature record: CXX_FEATURE:0cxx_binary_literals
    Feature record: CXX_FEATURE:1cxx_constexpr
    Feature record: CXX_FEATURE:0cxx_contextual_conversions
    Feature record: CXX_FEATURE:1cxx_decltype
    Feature record: CXX_FEATURE:0cxx_decltype_auto
    Feature record: CXX_FEATURE:1cxx_decltype_incomplete_return_types
    Feature record: CXX_FEATURE:1cxx_default_function_template_args
    Feature record: CXX_FEATURE:1cxx_defaulted_functions
    Feature record: CXX_FEATURE:1cxx_defaulted_move_initializers
    Feature record: CXX_FEATURE:1cxx_delegating_constructors
    Feature record: CXX_FEATURE:1cxx_deleted_functions
    Feature record: CXX_FEATURE:0cxx_digit_separators
    Feature record: CXX_FEATURE:1cxx_enum_forward_declarations
    Feature record: CXX_FEATURE:1cxx_explicit_conversions
    Feature record: CXX_FEATURE:1cxx_extended_friend_declarations
    Feature record: CXX_FEATURE:1cxx_extern_templates
    Feature record: CXX_FEATURE:1cxx_final
    Feature record: CXX_FEATURE:1cxx_func_identifier
    Feature record: CXX_FEATURE:1cxx_generalized_initializers
    Feature record: CXX_FEATURE:0cxx_generic_lambdas
    Feature record: CXX_FEATURE:1cxx_inheriting_constructors
    Feature record: CXX_FEATURE:1cxx_inline_namespaces
    Feature record: CXX_FEATURE:1cxx_lambdas
    Feature record: CXX_FEATURE:0cxx_lambda_init_captures
    Feature record: CXX_FEATURE:1cxx_local_type_template_args
    Feature record: CXX_FEATURE:1cxx_long_long_type
    Feature record: CXX_FEATURE:1cxx_noexcept
    Feature record: CXX_FEATURE:1cxx_nonstatic_member_init
    Feature record: CXX_FEATURE:1cxx_nullptr
    Feature record: CXX_FEATURE:1cxx_override
    Feature record: CXX_FEATURE:1cxx_range_for
    Feature record: CXX_FEATURE:1cxx_raw_string_literals
    Feature record: CXX_FEATURE:1cxx_reference_qualified_functions
    Feature record: CXX_FEATURE:0cxx_relaxed_constexpr
    Feature record: CXX_FEATURE:0cxx_return_type_deduction
    Feature record: CXX_FEATURE:1cxx_right_angle_brackets
    Feature record: CXX_FEATURE:1cxx_rvalue_references
    Feature record: CXX_FEATURE:1cxx_sizeof_member
    Feature record: CXX_FEATURE:1cxx_static_assert
    Feature record: CXX_FEATURE:1cxx_strong_enums
    Feature record: CXX_FEATURE:1cxx_template_template_parameters
    Feature record: CXX_FEATURE:1cxx_thread_local
    Feature record: CXX_FEATURE:1cxx_trailing_return_types
    Feature record: CXX_FEATURE:1cxx_unicode_literals
    Feature record: CXX_FEATURE:1cxx_uniform_initialization
    Feature record: CXX_FEATURE:1cxx_unrestricted_unions
    Feature record: CXX_FEATURE:1cxx_user_literals
    Feature record: CXX_FEATURE:0cxx_variable_templates
    Feature record: CXX_FEATURE:1cxx_variadic_macros
    Feature record: CXX_FEATURE:1cxx_variadic_templates


Detecting CXX [-std=c++98] compiler features compiled with the following output:
Change Dir: /home/felix/Desktop/NativeSetup/swift-linuxSetup/native_install/build/2pass/swift-linux-x86_64/CMakeFiles/CMakeTmp

Run Build Command:"/usr/bin/ninja" "cmTC_7ac19"
[1/2] Building CXX object CMakeFiles/cmTC_7ac19.dir/feature_tests.cxx.o
[2/2] Linking CXX executable cmTC_7ac19


    Feature record: CXX_FEATURE:0cxx_aggregate_default_initializers
    Feature record: CXX_FEATURE:0cxx_alias_templates
    Feature record: CXX_FEATURE:0cxx_alignas
    Feature record: CXX_FEATURE:0cxx_alignof
    Feature record: CXX_FEATURE:0cxx_attributes
    Feature record: CXX_FEATURE:0cxx_attribute_deprecated
    Feature record: CXX_FEATURE:0cxx_auto_type
    Feature record: CXX_FEATURE:0cxx_binary_literals
    Feature record: CXX_FEATURE:0cxx_constexpr
    Feature record: CXX_FEATURE:0cxx_contextual_conversions
    Feature record: CXX_FEATURE:0cxx_decltype
    Feature record: CXX_FEATURE:0cxx_decltype_auto
    Feature record: CXX_FEATURE:0cxx_decltype_incomplete_return_types
    Feature record: CXX_FEATURE:0cxx_default_function_template_args
    Feature record: CXX_FEATURE:0cxx_defaulted_functions
    Feature record: CXX_FEATURE:0cxx_defaulted_move_initializers
    Feature record: CXX_FEATURE:0cxx_delegating_constructors
    Feature record: CXX_FEATURE:0cxx_deleted_functions
    Feature record: CXX_FEATURE:0cxx_digit_separators
    Feature record: CXX_FEATURE:0cxx_enum_forward_declarations
    Feature record: CXX_FEATURE:0cxx_explicit_conversions
    Feature record: CXX_FEATURE:0cxx_extended_friend_declarations
    Feature record: CXX_FEATURE:0cxx_extern_templates
    Feature record: CXX_FEATURE:0cxx_final
    Feature record: CXX_FEATURE:0cxx_func_identifier
    Feature record: CXX_FEATURE:0cxx_generalized_initializers
    Feature record: CXX_FEATURE:0cxx_generic_lambdas
    Feature record: CXX_FEATURE:0cxx_inheriting_constructors
    Feature record: CXX_FEATURE:0cxx_inline_namespaces
    Feature record: CXX_FEATURE:0cxx_lambdas
    Feature record: CXX_FEATURE:0cxx_lambda_init_captures
    Feature record: CXX_FEATURE:0cxx_local_type_template_args
    Feature record: CXX_FEATURE:0cxx_long_long_type
    Feature record: CXX_FEATURE:0cxx_noexcept
    Feature record: CXX_FEATURE:0cxx_nonstatic_member_init
    Feature record: CXX_FEATURE:0cxx_nullptr
    Feature record: CXX_FEATURE:0cxx_override
    Feature record: CXX_FEATURE:0cxx_range_for
    Feature record: CXX_FEATURE:0cxx_raw_string_literals
    Feature record: CXX_FEATURE:0cxx_reference_qualified_functions
    Feature record: CXX_FEATURE:0cxx_relaxed_constexpr
    Feature record: CXX_FEATURE:0cxx_return_type_deduction
    Feature record: CXX_FEATURE:0cxx_right_angle_brackets
    Feature record: CXX_FEATURE:0cxx_rvalue_references
    Feature record: CXX_FEATURE:0cxx_sizeof_member
    Feature record: CXX_FEATURE:0cxx_static_assert
    Feature record: CXX_FEATURE:0cxx_strong_enums
    Feature record: CXX_FEATURE:1cxx_template_template_parameters
    Feature record: CXX_FEATURE:0cxx_thread_local
    Feature record: CXX_FEATURE:0cxx_trailing_return_types
    Feature record: CXX_FEATURE:0cxx_unicode_literals
    Feature record: CXX_FEATURE:0cxx_uniform_initialization
    Feature record: CXX_FEATURE:0cxx_unrestricted_unions
    Feature record: CXX_FEATURE:0cxx_user_literals
    Feature record: CXX_FEATURE:0cxx_variable_templates
    Feature record: CXX_FEATURE:0cxx_variadic_macros
    Feature record: CXX_FEATURE:0cxx_variadic_templates
Performing C++ SOURCE FILE Test LLVM_NO_OLD_LIBSTDCXX succeeded with the following output:
Change Dir: /home/felix/Desktop/NativeSetup/swift-linuxSetup/native_install/build/2pass/swift-linux-x86_64/CMakeFiles/CMakeTmp

Run Build Command:"/usr/bin/ninja" "cmTC_d9d89"
[1/2] Building CXX object CMakeFiles/cmTC_d9d89.dir/src.cxx.o
[2/2] Linking CXX executable cmTC_d9d89

Source file was:

#include <atomic>
std::atomic<float> x(0.0f);
int main() { return (float)x; }
Performing C SOURCE FILE Test C_SUPPORTS_FPIC succeeded with the following output:
Change Dir: /home/felix/Desktop/NativeSetup/swift-linuxSetup/native_install/build/2pass/swift-linux-x86_64/CMakeFiles/CMakeTmp

Run Build Command:"/usr/bin/ninja" "cmTC_32cd2"
[1/2] Building C object CMakeFiles/cmTC_32cd2.dir/src.c.o
[2/2] Linking C executable cmTC_32cd2

Source file was:
int main(void) { return 0; }
Performing C++ SOURCE FILE Test CXX_SUPPORTS_FPIC succeeded with the following output:
Change Dir: /home/felix/Desktop/NativeSetup/swift-linuxSetup/native_install/build/2pass/swift-linux-x86_64/CMakeFiles/CMakeTmp

Run Build Command:"/usr/bin/ninja" "cmTC_e6b72"
[1/2] Building CXX object CMakeFiles/cmTC_e6b72.dir/src.cxx.o
[2/2] Linking CXX executable cmTC_e6b72

Source file was:
int main() { return 0; }
Performing C++ SOURCE FILE Test SUPPORTS_FVISIBILITY_INLINES_HIDDEN_FLAG succeeded with the following output:
Change Dir: /home/felix/Desktop/NativeSetup/swift-linuxSetup/native_install/build/2pass/swift-linux-x86_64/CMakeFiles/CMakeTmp

Run Build Command:"/usr/bin/ninja" "cmTC_69c65"
[1/2] Building CXX object CMakeFiles/cmTC_69c65.dir/src.cxx.o
[2/2] Linking CXX executable cmTC_69c65

Source file was:
int main() { return 0; }
Performing C++ SOURCE FILE Test CXX_SUPPORTS_MISSING_FIELD_INITIALIZERS_FLAG succeeded with the following output:
Change Dir: /home/felix/Desktop/NativeSetup/swift-linuxSetup/native_install/build/2pass/swift-linux-x86_64/CMakeFiles/CMakeTmp

Run Build Command:"/usr/bin/ninja" "cmTC_5451d"
[1/2] Building CXX object CMakeFiles/cmTC_5451d.dir/src.cxx.o
[2/2] Linking CXX executable cmTC_5451d

Source file was:
int main() { return 0; }
Performing C SOURCE FILE Test C_SUPPORTS_COVERED_SWITCH_DEFAULT_FLAG succeeded with the following output:
Change Dir: /home/felix/Desktop/NativeSetup/swift-linuxSetup/native_install/build/2pass/swift-linux-x86_64/CMakeFiles/CMakeTmp

Run Build Command:"/usr/bin/ninja" "cmTC_b35fe"
[1/2] Building C object CMakeFiles/cmTC_b35fe.dir/src.c.o
[2/2] Linking C executable cmTC_b35fe

Source file was:
int main(void) { return 0; }
Performing C++ SOURCE FILE Test CXX_SUPPORTS_COVERED_SWITCH_DEFAULT_FLAG succeeded with the following output:
Change Dir: /home/felix/Desktop/NativeSetup/swift-linuxSetup/native_install/build/2pass/swift-linux-x86_64/CMakeFiles/CMakeTmp

Run Build Command:"/usr/bin/ninja" "cmTC_204a3"
[1/2] Building CXX object CMakeFiles/cmTC_204a3.dir/src.cxx.o
[2/2] Linking CXX executable cmTC_204a3

Source file was:
int main() { return 0; }
Performing C++ SOURCE FILE Test CXX_WONT_WARN_ON_FINAL_NONVIRTUALDTOR succeeded with the following output:
Change Dir: /home/felix/Desktop/NativeSetup/swift-linuxSetup/native_install/build/2pass/swift-linux-x86_64/CMakeFiles/CMakeTmp

Run Build Command:"/usr/bin/ninja" "cmTC_28ca1"
[1/2] Building CXX object CMakeFiles/cmTC_28ca1.dir/src.cxx.o
[2/2] Linking CXX executable cmTC_28ca1

Source file was:
class base {public: virtual void anchor();protected: ~base();};
                                 class derived final : public base { public: ~derived();};
                                 int main() { return 0; }
Performing C SOURCE FILE Test C_SUPPORTS_DELETE_NON_VIRTUAL_DTOR_FLAG succeeded with the following output:
Change Dir: /home/felix/Desktop/NativeSetup/swift-linuxSetup/native_install/build/2pass/swift-linux-x86_64/CMakeFiles/CMakeTmp

Run Build Command:"/usr/bin/ninja" "cmTC_4c33e"
[1/2] Building C object CMakeFiles/cmTC_4c33e.dir/src.c.o
[2/2] Linking C executable cmTC_4c33e

Source file was:
int main(void) { return 0; }
Performing C++ SOURCE FILE Test CXX_SUPPORTS_DELETE_NON_VIRTUAL_DTOR_FLAG succeeded with the following output:
Change Dir: /home/felix/Desktop/NativeSetup/swift-linuxSetup/native_install/build/2pass/swift-linux-x86_64/CMakeFiles/CMakeTmp

Run Build Command:"/usr/bin/ninja" "cmTC_bf5db"
[1/2] Building CXX object CMakeFiles/cmTC_bf5db.dir/src.cxx.o
[2/2] Linking CXX executable cmTC_bf5db

Source file was:
int main() { return 0; }
Performing C SOURCE FILE Test C_WCOMMENT_ALLOWS_LINE_WRAP succeeded with the following output:
Change Dir: /home/felix/Desktop/NativeSetup/swift-linuxSetup/native_install/build/2pass/swift-linux-x86_64/CMakeFiles/CMakeTmp

Run Build Command:"/usr/bin/ninja" "cmTC_9e44e"
[1/2] Building C object CMakeFiles/cmTC_9e44e.dir/src.c.o
[2/2] Linking C executable cmTC_9e44e

Source file was:
// \
//
int main() {return 0;}
Performing C SOURCE FILE Test C_SUPPORTS_WERROR_DATE_TIME succeeded with the following output:
Change Dir: /home/felix/Desktop/NativeSetup/swift-linuxSetup/native_install/build/2pass/swift-linux-x86_64/CMakeFiles/CMakeTmp

Run Build Command:"/usr/bin/ninja" "cmTC_2384f"
[1/2] Building C object CMakeFiles/cmTC_2384f.dir/src.c.o
[2/2] Linking C executable cmTC_2384f

Source file was:
int main(void) { return 0; }
Performing C++ SOURCE FILE Test CXX_SUPPORTS_WERROR_DATE_TIME succeeded with the following output:
Change Dir: /home/felix/Desktop/NativeSetup/swift-linuxSetup/native_install/build/2pass/swift-linux-x86_64/CMakeFiles/CMakeTmp

Run Build Command:"/usr/bin/ninja" "cmTC_09d1a"
[1/2] Building CXX object CMakeFiles/cmTC_09d1a.dir/src.cxx.o
[2/2] Linking CXX executable cmTC_09d1a

Source file was:
int main() { return 0; }
Performing C++ SOURCE FILE Test CXX_SUPPORTS_CXX11 succeeded with the following output:
Change Dir: /home/felix/Desktop/NativeSetup/swift-linuxSetup/native_install/build/2pass/swift-linux-x86_64/CMakeFiles/CMakeTmp

Run Build Command:"/usr/bin/ninja" "cmTC_cc612"
[1/2] Building CXX object CMakeFiles/cmTC_cc612.dir/src.cxx.o
[2/2] Linking CXX executable cmTC_cc612

Source file was:
int main() { return 0; }
Performing C SOURCE FILE Test C_SUPPORTS_FNO_FUNCTION_SECTIONS succeeded with the following output:
Change Dir: /home/felix/Desktop/NativeSetup/swift-linuxSetup/native_install/build/2pass/swift-linux-x86_64/CMakeFiles/CMakeTmp

Run Build Command:"/usr/bin/ninja" "cmTC_3e5fe"
[1/2] Building C object CMakeFiles/cmTC_3e5fe.dir/src.c.o
[2/2] Linking C executable cmTC_3e5fe

Source file was:
int main(void) { return 0; }
Performing C SOURCE FILE Test C_SUPPORTS_FFUNCTION_SECTIONS succeeded with the following output:
Change Dir: /home/felix/Desktop/NativeSetup/swift-linuxSetup/native_install/build/2pass/swift-linux-x86_64/CMakeFiles/CMakeTmp

Run Build Command:"/usr/bin/ninja" "cmTC_abb8b"
[1/2] Building C object CMakeFiles/cmTC_abb8b.dir/src.c.o
[2/2] Linking C executable cmTC_abb8b

Source file was:
int main(void) { return 0; }
Performing C++ SOURCE FILE Test CXX_SUPPORTS_FFUNCTION_SECTIONS succeeded with the following output:
Change Dir: /home/felix/Desktop/NativeSetup/swift-linuxSetup/native_install/build/2pass/swift-linux-x86_64/CMakeFiles/CMakeTmp

Run Build Command:"/usr/bin/ninja" "cmTC_20afa"
[1/2] Building CXX object CMakeFiles/cmTC_20afa.dir/src.cxx.o
[2/2] Linking CXX executable cmTC_20afa

Source file was:
int main() { return 0; }
Performing C SOURCE FILE Test C_SUPPORTS_FDATA_SECTIONS succeeded with the following output:
Change Dir: /home/felix/Desktop/NativeSetup/swift-linuxSetup/native_install/build/2pass/swift-linux-x86_64/CMakeFiles/CMakeTmp

Run Build Command:"/usr/bin/ninja" "cmTC_6cf80"
[1/2] Building C object CMakeFiles/cmTC_6cf80.dir/src.c.o
[2/2] Linking C executable cmTC_6cf80

Source file was:
int main(void) { return 0; }
Performing C++ SOURCE FILE Test CXX_SUPPORTS_FDATA_SECTIONS succeeded with the following output:
Change Dir: /home/felix/Desktop/NativeSetup/swift-linuxSetup/native_install/build/2pass/swift-linux-x86_64/CMakeFiles/CMakeTmp

Run Build Command:"/usr/bin/ninja" "cmTC_475f5"
[1/2] Building CXX object CMakeFiles/cmTC_475f5.dir/src.cxx.o
[2/2] Linking CXX executable cmTC_475f5

Source file was:
int main() { return 0; }
Performing C++ SOURCE FILE Test SWIFT_HAVE_WORKING_STD_REGEX_TEST succeeded with the following output:
Change Dir: /home/felix/Desktop/NativeSetup/swift-linuxSetup/native_install/build/2pass/swift-linux-x86_64/CMakeFiles/CMakeTmp

Run Build Command:"/usr/bin/ninja" "cmTC_62388"
[1/2] Building CXX object CMakeFiles/cmTC_62388.dir/src.cxx.o
[2/2] Linking CXX executable cmTC_62388

Return value: 1
Source file was:

  #include <regex>
  const std::regex broken_regex{
    "([a]+)",
    std::regex::ECMAScript | std::regex::nosubs};

  int main() {}
  
Performing C++ SOURCE FILE Test CXX_SUPPORTS_DOCUMENTATION_FLAG succeeded with the following output:
Change Dir: /home/felix/Desktop/NativeSetup/swift-linuxSetup/native_install/build/2pass/swift-linux-x86_64/CMakeFiles/CMakeTmp

Run Build Command:"/usr/bin/ninja" "cmTC_8c37b"
[1/2] Building CXX object CMakeFiles/cmTC_8c37b.dir/src.cxx.o
[2/2] Linking CXX executable cmTC_8c37b

Source file was:
int main() { return 0; }
Performing C++ SOURCE FILE Test CXX_SUPPORTS_IMPLICIT_FALLTHROUGH_FLAG succeeded with the following output:
Change Dir: /home/felix/Desktop/NativeSetup/swift-linuxSetup/native_install/build/2pass/swift-linux-x86_64/CMakeFiles/CMakeTmp

Run Build Command:"/usr/bin/ninja" "cmTC_2dda2"
[1/2] Building CXX object CMakeFiles/cmTC_2dda2.dir/src.cxx.o
[2/2] Linking CXX executable cmTC_2dda2

Source file was:
int main() { return 0; }
Performing C++ SOURCE FILE Test CXX_SUPPORTS_UNREACHABLE_CODE_FLAG succeeded with the following output:
Change Dir: /home/felix/Desktop/NativeSetup/swift-linuxSetup/native_install/build/2pass/swift-linux-x86_64/CMakeFiles/CMakeTmp

Run Build Command:"/usr/bin/ninja" "cmTC_bd812"
[1/2] Building CXX object CMakeFiles/cmTC_bd812.dir/src.cxx.o
[2/2] Linking CXX executable cmTC_bd812

Source file was:
int main() { return 0; }
Performing C++ SOURCE FILE Test CXX_SUPPORTS_OVERLOADED_VIRTUAL succeeded with the following output:
Change Dir: /home/felix/Desktop/NativeSetup/swift-linuxSetup/native_install/build/2pass/swift-linux-x86_64/CMakeFiles/CMakeTmp

Run Build Command:"/usr/bin/ninja" "cmTC_3a711"
[1/2] Building CXX object CMakeFiles/cmTC_3a711.dir/src.cxx.o
[2/2] Linking CXX executable cmTC_3a711

Source file was:
int main() { return 0; }
Performing C++ SOURCE FILE Test CXX_SUPPORTS_FAPPLICATION_EXTENSION succeeded with the following output:
Change Dir: /home/felix/Desktop/NativeSetup/swift-linuxSetup/native_install/build/2pass/swift-linux-x86_64/CMakeFiles/CMakeTmp

Run Build Command:"/usr/bin/ninja" "cmTC_86995"
[1/2] Building CXX object CMakeFiles/cmTC_86995.dir/src.cxx.o
[2/2] Linking CXX executable cmTC_86995

Source file was:
int main() { return 0; }
Determining if the el_wgets exist passed with the following output:
Change Dir: /home/felix/Desktop/NativeSetup/swift-linuxSetup/native_install/build/2pass/swift-linux-x86_64/CMakeFiles/CMakeTmp

Run Build Command:"/usr/bin/ninja" "cmTC_1d591"
[1/2] Building C object CMakeFiles/cmTC_1d591.dir/CheckSymbolExists.c.o
[2/2] Linking C executable cmTC_1d591

File /home/felix/Desktop/NativeSetup/swift-linuxSetup/native_install/build/2pass/swift-linux-x86_64/CMakeFiles/CMakeTmp/CheckSymbolExists.c:
/* */
#include <histedit.h>

int main(int argc, char** argv)
{
  (void)argv;
#ifndef el_wgets
  return ((int*)(&el_wgets))[argc];
#else
  (void)argc;
  return 0;
#endif
}

Performing C++ SOURCE FILE Test CXX_SUPPORTS_GLOBAL_CONSTRUCTORS_WARNING succeeded with the following output:
Change Dir: /home/felix/Desktop/NativeSetup/swift-linuxSetup/native_install/build/2pass/swift-linux-x86_64/CMakeFiles/CMakeTmp

Run Build Command:"/usr/bin/ninja" "cmTC_3b3e7"
[1/2] Building CXX object CMakeFiles/cmTC_3b3e7.dir/src.cxx.o
[2/2] Linking CXX executable cmTC_3b3e7

Source file was:
int main() { return 0; }
Performing C++ SOURCE FILE Test CXX_SUPPORTS_EXIT_TIME_DESTRUCTORS_WARNING succeeded with the following output:
Change Dir: /home/felix/Desktop/NativeSetup/swift-linuxSetup/native_install/build/2pass/swift-linux-x86_64/CMakeFiles/CMakeTmp

Run Build Command:"/usr/bin/ninja" "cmTC_5fd4e"
[1/2] Building CXX object CMakeFiles/cmTC_5fd4e.dir/src.cxx.o
[2/2] Linking CXX executable cmTC_5fd4e

Source file was:
int main() { return 0; }
Performing C++ SOURCE FILE Test CXX_SUPPORTS_DEFAULT_HIDDEN_VISIBILITY succeeded with the following output:
Change Dir: /home/felix/Desktop/NativeSetup/swift-linuxSetup/native_install/build/2pass/swift-linux-x86_64/CMakeFiles/CMakeTmp

Run Build Command:"/usr/bin/ninja" "cmTC_253fd"
[1/2] Building CXX object CMakeFiles/cmTC_253fd.dir/src.cxx.o
[2/2] Linking CXX executable cmTC_253fd

Source file was:
int main() { return 0; }
