This file contains any messages produced by compilers while
running configure, to aid debugging if configure makes a mistake.

It was created by libpthread_workqueue configure 0.9.4, which was
generated by GNU Autoconf 2.69.  Invocation command line was

  $ /home/felix/Desktop/NativeSetup/swift-linuxSetup/native_install/swift-corelibs-libdispatch/libpwq/configure --disable-option-checking --prefix=/2p/linux/swift-git/output//usr --disable-libpwq-install --with-swift-toolchain=/home/felix/Desktop/NativeSetup/swift-linuxSetup/native_install/build/2pass/swift-linux-x86_64 --with-build-variant=release CC=/home/felix/Desktop/NativeSetup/swift-linuxSetup/native_install/build/2pass/llvm-linux-x86_64/bin/clang CXX=/home/felix/Desktop/NativeSetup/swift-linuxSetup/native_install/build/2pass/llvm-linux-x86_64/bin/clang++ --cache-file=/dev/null --srcdir=/home/felix/Desktop/NativeSetup/swift-linuxSetup/native_install/swift-corelibs-libdispatch/libpwq

## --------- ##
## Platform. ##
## --------- ##

hostname = felix-K50IN
uname -m = x86_64
uname -r = 4.8.0-36-generic
uname -s = Linux
uname -v = #36~16.04.1-Ubuntu SMP Sun Feb 5 09:39:57 UTC 2017

/usr/bin/uname -p = unknown
/bin/uname -X     = unknown

/bin/arch              = unknown
/usr/bin/arch -k       = unknown
/usr/convex/getsysinfo = unknown
/usr/bin/hostinfo      = unknown
/bin/machine           = unknown
/usr/bin/oslevel       = unknown
/bin/universe          = unknown

PATH: /usr/local/sbin
PATH: /usr/local/bin
PATH: /usr/sbin
PATH: /usr/bin
PATH: /sbin
PATH: /bin
PATH: /snap/bin


## ----------- ##
## Core tests. ##
## ----------- ##

configure:2203: checking build system type
configure:2217: result: x86_64-pc-linux-gnu
configure:2237: checking host system type
configure:2250: result: x86_64-pc-linux-gnu
configure:2291: checking how to print strings
configure:2318: result: printf
configure:2390: checking for gcc
configure:2417: result: /home/felix/Desktop/NativeSetup/swift-linuxSetup/native_install/build/2pass/llvm-linux-x86_64/bin/clang
configure:2646: checking for C compiler version
configure:2655: /home/felix/Desktop/NativeSetup/swift-linuxSetup/native_install/build/2pass/llvm-linux-x86_64/bin/clang --version >&5
clang version 4.0.0 (https://github.com/apple/swift-clang.git 9772bf511a32353fad73e38fdfc501d5fccb50d2) (https://github.com/apple/swift-llvm.git a7c680da5182d29e2c6441d484a307b695902c64)
Target: x86_64-unknown-linux-gnu
Thread model: posix
InstalledDir: /home/felix/Desktop/NativeSetup/swift-linuxSetup/native_install/build/2pass/llvm-linux-x86_64/bin
configure:2666: $? = 0
configure:2655: /home/felix/Desktop/NativeSetup/swift-linuxSetup/native_install/build/2pass/llvm-linux-x86_64/bin/clang -v >&5
clang version 4.0.0 (https://github.com/apple/swift-clang.git 9772bf511a32353fad73e38fdfc501d5fccb50d2) (https://github.com/apple/swift-llvm.git a7c680da5182d29e2c6441d484a307b695902c64)
Target: x86_64-unknown-linux-gnu
Thread model: posix
InstalledDir: /home/felix/Desktop/NativeSetup/swift-linuxSetup/native_install/build/2pass/llvm-linux-x86_64/bin
Found candidate GCC installation: /usr/lib/gcc/x86_64-linux-gnu/5
Found candidate GCC installation: /usr/lib/gcc/x86_64-linux-gnu/5.4.0
Found candidate GCC installation: /usr/lib/gcc/x86_64-linux-gnu/6
Found candidate GCC installation: /usr/lib/gcc/x86_64-linux-gnu/6.0.0
Selected GCC installation: /usr/lib/gcc/x86_64-linux-gnu/5.4.0
Candidate multilib: .;@m64
... rest of stderr output deleted ...
configure:2666: $? = 0
configure:2655: /home/felix/Desktop/NativeSetup/swift-linuxSetup/native_install/build/2pass/llvm-linux-x86_64/bin/clang -V >&5
clang-4.0: error: argument to '-V' is missing (expected 1 value)
clang-4.0: error: no input files
configure:2666: $? = 1
configure:2655: /home/felix/Desktop/NativeSetup/swift-linuxSetup/native_install/build/2pass/llvm-linux-x86_64/bin/clang -qversion >&5
clang-4.0: error: unknown argument: '-qversion'
clang-4.0: error: no input files
configure:2666: $? = 1
configure:2686: checking whether the C compiler works
configure:2708: /home/felix/Desktop/NativeSetup/swift-linuxSetup/native_install/build/2pass/llvm-linux-x86_64/bin/clang    conftest.c  >&5
configure:2712: $? = 0
configure:2760: result: yes
configure:2763: checking for C compiler default output file name
configure:2765: result: a.out
configure:2771: checking for suffix of executables
configure:2778: /home/felix/Desktop/NativeSetup/swift-linuxSetup/native_install/build/2pass/llvm-linux-x86_64/bin/clang -o conftest    conftest.c  >&5
configure:2782: $? = 0
configure:2804: result: 
configure:2826: checking whether we are cross compiling
configure:2834: /home/felix/Desktop/NativeSetup/swift-linuxSetup/native_install/build/2pass/llvm-linux-x86_64/bin/clang -o conftest    conftest.c  >&5
configure:2838: $? = 0
configure:2845: ./conftest
configure:2849: $? = 0
configure:2864: result: no
configure:2869: checking for suffix of object files
configure:2891: /home/felix/Desktop/NativeSetup/swift-linuxSetup/native_install/build/2pass/llvm-linux-x86_64/bin/clang -c   conftest.c >&5
configure:2895: $? = 0
configure:2916: result: o
configure:2920: checking whether we are using the GNU C compiler
configure:2939: /home/felix/Desktop/NativeSetup/swift-linuxSetup/native_install/build/2pass/llvm-linux-x86_64/bin/clang -c   conftest.c >&5
configure:2939: $? = 0
configure:2948: result: yes
configure:2957: checking whether /home/felix/Desktop/NativeSetup/swift-linuxSetup/native_install/build/2pass/llvm-linux-x86_64/bin/clang accepts -g
configure:2977: /home/felix/Desktop/NativeSetup/swift-linuxSetup/native_install/build/2pass/llvm-linux-x86_64/bin/clang -c -g  conftest.c >&5
configure:2977: $? = 0
configure:3018: result: yes
configure:3035: checking for /home/felix/Desktop/NativeSetup/swift-linuxSetup/native_install/build/2pass/llvm-linux-x86_64/bin/clang option to accept ISO C89
configure:3098: /home/felix/Desktop/NativeSetup/swift-linuxSetup/native_install/build/2pass/llvm-linux-x86_64/bin/clang  -c -g -O2  conftest.c >&5
configure:3098: $? = 0
configure:3111: result: none needed
configure:3136: checking whether /home/felix/Desktop/NativeSetup/swift-linuxSetup/native_install/build/2pass/llvm-linux-x86_64/bin/clang understands -c and -o together
configure:3158: /home/felix/Desktop/NativeSetup/swift-linuxSetup/native_install/build/2pass/llvm-linux-x86_64/bin/clang -c conftest.c -o conftest2.o
configure:3161: $? = 0
configure:3158: /home/felix/Desktop/NativeSetup/swift-linuxSetup/native_install/build/2pass/llvm-linux-x86_64/bin/clang -c conftest.c -o conftest2.o
configure:3161: $? = 0
configure:3173: result: yes
configure:3190: checking for a sed that does not truncate output
configure:3254: result: /bin/sed
configure:3272: checking for grep that handles long lines and -e
configure:3330: result: /bin/grep
configure:3335: checking for egrep
configure:3397: result: /bin/grep -E
configure:3402: checking for fgrep
configure:3464: result: /bin/grep -F
configure:3499: checking for ld used by /home/felix/Desktop/NativeSetup/swift-linuxSetup/native_install/build/2pass/llvm-linux-x86_64/bin/clang
configure:3566: result: /usr/bin/ld
configure:3573: checking if the linker (/usr/bin/ld) is GNU ld
configure:3588: result: yes
configure:3600: checking for BSD- or MS-compatible name lister (nm)
configure:3654: result: /usr/bin/nm -B
configure:3784: checking the name lister (/usr/bin/nm -B) interface
configure:3791: /home/felix/Desktop/NativeSetup/swift-linuxSetup/native_install/build/2pass/llvm-linux-x86_64/bin/clang -c -g -O2  conftest.c >&5
configure:3794: /usr/bin/nm -B "conftest.o"
configure:3797: output
0000000000000000 B some_variable
configure:3804: result: BSD nm
configure:3807: checking whether ln -s works
configure:3811: result: yes
configure:3819: checking the maximum length of command line arguments
configure:3950: result: 1572864
configure:3998: checking how to convert x86_64-pc-linux-gnu file names to x86_64-pc-linux-gnu format
configure:4038: result: func_convert_file_noop
configure:4045: checking how to convert x86_64-pc-linux-gnu file names to toolchain format
configure:4065: result: func_convert_file_noop
configure:4072: checking for /usr/bin/ld option to reload object files
configure:4079: result: -r
configure:4153: checking for objdump
configure:4169: found /usr/bin/objdump
configure:4180: result: objdump
configure:4212: checking how to recognize dependent libraries
configure:4412: result: pass_all
configure:4497: checking for dlltool
configure:4527: result: no
configure:4557: checking how to associate runtime and link libraries
configure:4584: result: printf %s\n
configure:4645: checking for ar
configure:4661: found /usr/bin/ar
configure:4672: result: ar
configure:4709: checking for archiver @FILE support
configure:4726: /home/felix/Desktop/NativeSetup/swift-linuxSetup/native_install/build/2pass/llvm-linux-x86_64/bin/clang -c -g -O2  conftest.c >&5
configure:4726: $? = 0
configure:4729: ar cru libconftest.a @conftest.lst >&5
ar: `u' modifier ignored since `D' is the default (see `U')
configure:4732: $? = 0
configure:4737: ar cru libconftest.a @conftest.lst >&5
ar: `u' modifier ignored since `D' is the default (see `U')
ar: conftest.o: No such file or directory
configure:4740: $? = 1
configure:4752: result: @
configure:4810: checking for strip
configure:4826: found /usr/bin/strip
configure:4837: result: strip
configure:4909: checking for ranlib
configure:4925: found /usr/bin/ranlib
configure:4936: result: ranlib
configure:5013: checking for gawk
configure:5043: result: no
configure:5013: checking for mawk
configure:5029: found /usr/bin/mawk
configure:5040: result: mawk
configure:5080: checking command to parse /usr/bin/nm -B output from /home/felix/Desktop/NativeSetup/swift-linuxSetup/native_install/build/2pass/llvm-linux-x86_64/bin/clang object
configure:5233: /home/felix/Desktop/NativeSetup/swift-linuxSetup/native_install/build/2pass/llvm-linux-x86_64/bin/clang -c -g -O2  conftest.c >&5
configure:5236: $? = 0
configure:5240: /usr/bin/nm -B conftest.o \| sed -n -e 's/^.*[ ]\([ABCDGIRSTW][ABCDGIRSTW]*\)[ ][ ]*\([_A-Za-z][_A-Za-z0-9]*\)$/\1 \2 \2/p' | sed '/ __gnu_lto/d' \> conftest.nm
configure:5243: $? = 0
configure:5309: /home/felix/Desktop/NativeSetup/swift-linuxSetup/native_install/build/2pass/llvm-linux-x86_64/bin/clang -o conftest -g -O2   conftest.c conftstm.o >&5
configure:5312: $? = 0
configure:5350: result: ok
configure:5397: checking for sysroot
configure:5427: result: no
configure:5434: checking for a working dd
configure:5472: result: /bin/dd
configure:5476: checking how to truncate binary pipes
configure:5491: result: /bin/dd bs=4096 count=1
configure:5627: /home/felix/Desktop/NativeSetup/swift-linuxSetup/native_install/build/2pass/llvm-linux-x86_64/bin/clang -c -g -O2  conftest.c >&5
configure:5630: $? = 0
configure:5820: checking for mt
configure:5836: found /bin/mt
configure:5847: result: mt
configure:5870: checking if mt is a manifest tool
configure:5876: mt '-?'
configure:5884: result: no
configure:6561: checking how to run the C preprocessor
configure:6592: /home/felix/Desktop/NativeSetup/swift-linuxSetup/native_install/build/2pass/llvm-linux-x86_64/bin/clang -E  conftest.c
configure:6592: $? = 0
configure:6606: /home/felix/Desktop/NativeSetup/swift-linuxSetup/native_install/build/2pass/llvm-linux-x86_64/bin/clang -E  conftest.c
conftest.c:9:10: fatal error: 'ac_nonexistent.h' file not found
#include <ac_nonexistent.h>
         ^
1 error generated.
configure:6606: $? = 1
configure: failed program was:
| /* confdefs.h */
| #define PACKAGE_NAME "libpthread_workqueue"
| #define PACKAGE_TARNAME "libpthread_workqueue"
| #define PACKAGE_VERSION "0.9.4"
| #define PACKAGE_STRING "libpthread_workqueue 0.9.4"
| #define PACKAGE_BUGREPORT ""
| #define PACKAGE_URL ""
| /* end confdefs.h.  */
| #include <ac_nonexistent.h>
configure:6631: result: /home/felix/Desktop/NativeSetup/swift-linuxSetup/native_install/build/2pass/llvm-linux-x86_64/bin/clang -E
configure:6651: /home/felix/Desktop/NativeSetup/swift-linuxSetup/native_install/build/2pass/llvm-linux-x86_64/bin/clang -E  conftest.c
configure:6651: $? = 0
configure:6665: /home/felix/Desktop/NativeSetup/swift-linuxSetup/native_install/build/2pass/llvm-linux-x86_64/bin/clang -E  conftest.c
conftest.c:9:10: fatal error: 'ac_nonexistent.h' file not found
#include <ac_nonexistent.h>
         ^
1 error generated.
configure:6665: $? = 1
configure: failed program was:
| /* confdefs.h */
| #define PACKAGE_NAME "libpthread_workqueue"
| #define PACKAGE_TARNAME "libpthread_workqueue"
| #define PACKAGE_VERSION "0.9.4"
| #define PACKAGE_STRING "libpthread_workqueue 0.9.4"
| #define PACKAGE_BUGREPORT ""
| #define PACKAGE_URL ""
| /* end confdefs.h.  */
| #include <ac_nonexistent.h>
configure:6694: checking for ANSI C header files
configure:6714: /home/felix/Desktop/NativeSetup/swift-linuxSetup/native_install/build/2pass/llvm-linux-x86_64/bin/clang -c -g -O2  conftest.c >&5
configure:6714: $? = 0
configure:6787: /home/felix/Desktop/NativeSetup/swift-linuxSetup/native_install/build/2pass/llvm-linux-x86_64/bin/clang -o conftest -g -O2   conftest.c  >&5
configure:6787: $? = 0
configure:6787: ./conftest
configure:6787: $? = 0
configure:6798: result: yes
configure:6811: checking for sys/types.h
configure:6811: /home/felix/Desktop/NativeSetup/swift-linuxSetup/native_install/build/2pass/llvm-linux-x86_64/bin/clang -c -g -O2  conftest.c >&5
configure:6811: $? = 0
configure:6811: result: yes
configure:6811: checking for sys/stat.h
configure:6811: /home/felix/Desktop/NativeSetup/swift-linuxSetup/native_install/build/2pass/llvm-linux-x86_64/bin/clang -c -g -O2  conftest.c >&5
configure:6811: $? = 0
configure:6811: result: yes
configure:6811: checking for stdlib.h
configure:6811: /home/felix/Desktop/NativeSetup/swift-linuxSetup/native_install/build/2pass/llvm-linux-x86_64/bin/clang -c -g -O2  conftest.c >&5
configure:6811: $? = 0
configure:6811: result: yes
configure:6811: checking for string.h
configure:6811: /home/felix/Desktop/NativeSetup/swift-linuxSetup/native_install/build/2pass/llvm-linux-x86_64/bin/clang -c -g -O2  conftest.c >&5
configure:6811: $? = 0
configure:6811: result: yes
configure:6811: checking for memory.h
configure:6811: /home/felix/Desktop/NativeSetup/swift-linuxSetup/native_install/build/2pass/llvm-linux-x86_64/bin/clang -c -g -O2  conftest.c >&5
configure:6811: $? = 0
configure:6811: result: yes
configure:6811: checking for strings.h
configure:6811: /home/felix/Desktop/NativeSetup/swift-linuxSetup/native_install/build/2pass/llvm-linux-x86_64/bin/clang -c -g -O2  conftest.c >&5
configure:6811: $? = 0
configure:6811: result: yes
configure:6811: checking for inttypes.h
configure:6811: /home/felix/Desktop/NativeSetup/swift-linuxSetup/native_install/build/2pass/llvm-linux-x86_64/bin/clang -c -g -O2  conftest.c >&5
configure:6811: $? = 0
configure:6811: result: yes
configure:6811: checking for stdint.h
configure:6811: /home/felix/Desktop/NativeSetup/swift-linuxSetup/native_install/build/2pass/llvm-linux-x86_64/bin/clang -c -g -O2  conftest.c >&5
configure:6811: $? = 0
configure:6811: result: yes
configure:6811: checking for unistd.h
configure:6811: /home/felix/Desktop/NativeSetup/swift-linuxSetup/native_install/build/2pass/llvm-linux-x86_64/bin/clang -c -g -O2  conftest.c >&5
configure:6811: $? = 0
configure:6811: result: yes
configure:6825: checking for dlfcn.h
configure:6825: /home/felix/Desktop/NativeSetup/swift-linuxSetup/native_install/build/2pass/llvm-linux-x86_64/bin/clang -c -g -O2  conftest.c >&5
configure:6825: $? = 0
configure:6825: result: yes
configure:7081: checking for objdir
configure:7096: result: .libs
configure:7360: checking if /home/felix/Desktop/NativeSetup/swift-linuxSetup/native_install/build/2pass/llvm-linux-x86_64/bin/clang supports -fno-rtti -fno-exceptions
configure:7378: /home/felix/Desktop/NativeSetup/swift-linuxSetup/native_install/build/2pass/llvm-linux-x86_64/bin/clang -c -g -O2  -fno-rtti -fno-exceptions conftest.c >&5
configure:7382: $? = 0
configure:7395: result: yes
configure:7753: checking for /home/felix/Desktop/NativeSetup/swift-linuxSetup/native_install/build/2pass/llvm-linux-x86_64/bin/clang option to produce PIC
configure:7760: result: -fPIC -DPIC
configure:7768: checking if /home/felix/Desktop/NativeSetup/swift-linuxSetup/native_install/build/2pass/llvm-linux-x86_64/bin/clang PIC flag -fPIC -DPIC works
configure:7786: /home/felix/Desktop/NativeSetup/swift-linuxSetup/native_install/build/2pass/llvm-linux-x86_64/bin/clang -c -g -O2  -fPIC -DPIC -DPIC conftest.c >&5
configure:7790: $? = 0
configure:7803: result: yes
configure:7832: checking if /home/felix/Desktop/NativeSetup/swift-linuxSetup/native_install/build/2pass/llvm-linux-x86_64/bin/clang static flag -static works
configure:7860: result: yes
configure:7875: checking if /home/felix/Desktop/NativeSetup/swift-linuxSetup/native_install/build/2pass/llvm-linux-x86_64/bin/clang supports -c -o file.o
configure:7896: /home/felix/Desktop/NativeSetup/swift-linuxSetup/native_install/build/2pass/llvm-linux-x86_64/bin/clang -c -g -O2  -o out/conftest2.o conftest.c >&5
configure:7900: $? = 0
configure:7922: result: yes
configure:7930: checking if /home/felix/Desktop/NativeSetup/swift-linuxSetup/native_install/build/2pass/llvm-linux-x86_64/bin/clang supports -c -o file.o
configure:7977: result: yes
configure:8010: checking whether the /home/felix/Desktop/NativeSetup/swift-linuxSetup/native_install/build/2pass/llvm-linux-x86_64/bin/clang linker (/usr/bin/ld -m elf_x86_64) supports shared libraries
configure:9273: result: yes
configure:9310: checking whether -lc should be explicitly linked in
configure:9318: /home/felix/Desktop/NativeSetup/swift-linuxSetup/native_install/build/2pass/llvm-linux-x86_64/bin/clang -c -g -O2  conftest.c >&5
configure:9321: $? = 0
configure:9336: /home/felix/Desktop/NativeSetup/swift-linuxSetup/native_install/build/2pass/llvm-linux-x86_64/bin/clang -shared  -fPIC -DPIC conftest.o  -v -Wl,-soname -Wl,conftest -o conftest 2\>\&1 \| /bin/grep  -lc  \>/dev/null 2\>\&1
configure:9339: $? = 0
configure:9353: result: no
configure:9513: checking dynamic linker characteristics
configure:10094: /home/felix/Desktop/NativeSetup/swift-linuxSetup/native_install/build/2pass/llvm-linux-x86_64/bin/clang -o conftest -g -O2   -Wl,-rpath -Wl,/foo conftest.c  >&5
configure:10094: $? = 0
configure:10343: result: GNU/Linux ld.so
configure:10465: checking how to hardcode library paths into programs
configure:10490: result: immediate
configure:11038: checking whether stripping libraries is possible
configure:11043: result: yes
configure:11078: checking if libtool supports shared libraries
configure:11080: result: yes
configure:11083: checking whether to build shared libraries
configure:11108: result: yes
configure:11111: checking whether to build static libraries
configure:11115: result: yes
configure:11168: checking for a BSD-compatible install
configure:11236: result: /usr/bin/install -c
configure:11247: checking whether build environment is sane
configure:11302: result: yes
configure:11450: checking for a thread-safe mkdir -p
configure:11489: result: /bin/mkdir -p
configure:11492: checking whether make sets $(MAKE)
configure:11514: result: yes
configure:11544: checking for style of include used by make
configure:11572: result: GNU
configure:11606: checking whether make supports nested variables
configure:11623: result: yes
configure:11708: checking dependency style of /home/felix/Desktop/NativeSetup/swift-linuxSetup/native_install/build/2pass/llvm-linux-x86_64/bin/clang
configure:11819: result: gcc3
configure:11928: checking for gcc
configure:11955: result: /home/felix/Desktop/NativeSetup/swift-linuxSetup/native_install/build/2pass/llvm-linux-x86_64/bin/clang
configure:12184: checking for C compiler version
configure:12193: /home/felix/Desktop/NativeSetup/swift-linuxSetup/native_install/build/2pass/llvm-linux-x86_64/bin/clang --version >&5
clang version 4.0.0 (https://github.com/apple/swift-clang.git 9772bf511a32353fad73e38fdfc501d5fccb50d2) (https://github.com/apple/swift-llvm.git a7c680da5182d29e2c6441d484a307b695902c64)
Target: x86_64-unknown-linux-gnu
Thread model: posix
InstalledDir: /home/felix/Desktop/NativeSetup/swift-linuxSetup/native_install/build/2pass/llvm-linux-x86_64/bin
configure:12204: $? = 0
configure:12193: /home/felix/Desktop/NativeSetup/swift-linuxSetup/native_install/build/2pass/llvm-linux-x86_64/bin/clang -v >&5
clang version 4.0.0 (https://github.com/apple/swift-clang.git 9772bf511a32353fad73e38fdfc501d5fccb50d2) (https://github.com/apple/swift-llvm.git a7c680da5182d29e2c6441d484a307b695902c64)
Target: x86_64-unknown-linux-gnu
Thread model: posix
InstalledDir: /home/felix/Desktop/NativeSetup/swift-linuxSetup/native_install/build/2pass/llvm-linux-x86_64/bin
Found candidate GCC installation: /usr/lib/gcc/x86_64-linux-gnu/5
Found candidate GCC installation: /usr/lib/gcc/x86_64-linux-gnu/5.4.0
Found candidate GCC installation: /usr/lib/gcc/x86_64-linux-gnu/6
Found candidate GCC installation: /usr/lib/gcc/x86_64-linux-gnu/6.0.0
Selected GCC installation: /usr/lib/gcc/x86_64-linux-gnu/5.4.0
Candidate multilib: .;@m64
... rest of stderr output deleted ...
configure:12204: $? = 0
configure:12193: /home/felix/Desktop/NativeSetup/swift-linuxSetup/native_install/build/2pass/llvm-linux-x86_64/bin/clang -V >&5
clang-4.0: error: argument to '-V' is missing (expected 1 value)
clang-4.0: error: no input files
configure:12204: $? = 1
configure:12193: /home/felix/Desktop/NativeSetup/swift-linuxSetup/native_install/build/2pass/llvm-linux-x86_64/bin/clang -qversion >&5
clang-4.0: error: unknown argument: '-qversion'
clang-4.0: error: no input files
configure:12204: $? = 1
configure:12208: checking whether we are using the GNU C compiler
configure:12236: result: yes
configure:12245: checking whether /home/felix/Desktop/NativeSetup/swift-linuxSetup/native_install/build/2pass/llvm-linux-x86_64/bin/clang accepts -g
configure:12306: result: yes
configure:12323: checking for /home/felix/Desktop/NativeSetup/swift-linuxSetup/native_install/build/2pass/llvm-linux-x86_64/bin/clang option to accept ISO C89
configure:12399: result: none needed
configure:12424: checking whether /home/felix/Desktop/NativeSetup/swift-linuxSetup/native_install/build/2pass/llvm-linux-x86_64/bin/clang understands -c and -o together
configure:12461: result: yes
configure:12632: checking that generated files are newer than configure
configure:12638: result: done
configure:12673: creating ./config.status

## ---------------------- ##
## Running config.status. ##
## ---------------------- ##

This file was extended by libpthread_workqueue config.status 0.9.4, which was
generated by GNU Autoconf 2.69.  Invocation command line was

  CONFIG_FILES    = 
  CONFIG_HEADERS  = 
  CONFIG_LINKS    = 
  CONFIG_COMMANDS = 
  $ ./config.status 

on felix-K50IN

config.status:1090: creating Makefile
config.status:1090: creating config.h
config.status:1256: config.h is unchanged
config.status:1304: executing libtool commands
config.status:1304: executing depfiles commands

## ---------------- ##
## Cache variables. ##
## ---------------- ##

ac_cv_build=x86_64-pc-linux-gnu
ac_cv_c_compiler_gnu=yes
ac_cv_env_CC_set=set
ac_cv_env_CC_value=/home/felix/Desktop/NativeSetup/swift-linuxSetup/native_install/build/2pass/llvm-linux-x86_64/bin/clang
ac_cv_env_CFLAGS_set=
ac_cv_env_CFLAGS_value=
ac_cv_env_CPPFLAGS_set=
ac_cv_env_CPPFLAGS_value=
ac_cv_env_CPP_set=
ac_cv_env_CPP_value=
ac_cv_env_LDFLAGS_set=
ac_cv_env_LDFLAGS_value=
ac_cv_env_LIBS_set=
ac_cv_env_LIBS_value=
ac_cv_env_LT_SYS_LIBRARY_PATH_set=
ac_cv_env_LT_SYS_LIBRARY_PATH_value=
ac_cv_env_build_alias_set=
ac_cv_env_build_alias_value=
ac_cv_env_host_alias_set=
ac_cv_env_host_alias_value=
ac_cv_env_target_alias_set=
ac_cv_env_target_alias_value=
ac_cv_header_dlfcn_h=yes
ac_cv_header_inttypes_h=yes
ac_cv_header_memory_h=yes
ac_cv_header_stdc=yes
ac_cv_header_stdint_h=yes
ac_cv_header_stdlib_h=yes
ac_cv_header_string_h=yes
ac_cv_header_strings_h=yes
ac_cv_header_sys_stat_h=yes
ac_cv_header_sys_types_h=yes
ac_cv_header_unistd_h=yes
ac_cv_host=x86_64-pc-linux-gnu
ac_cv_objext=o
ac_cv_path_EGREP='/bin/grep -E'
ac_cv_path_FGREP='/bin/grep -F'
ac_cv_path_GREP=/bin/grep
ac_cv_path_SED=/bin/sed
ac_cv_path_install='/usr/bin/install -c'
ac_cv_path_lt_DD=/bin/dd
ac_cv_path_mkdir=/bin/mkdir
ac_cv_prog_AWK=mawk
ac_cv_prog_CPP='/home/felix/Desktop/NativeSetup/swift-linuxSetup/native_install/build/2pass/llvm-linux-x86_64/bin/clang -E'
ac_cv_prog_ac_ct_AR=ar
ac_cv_prog_ac_ct_CC=/home/felix/Desktop/NativeSetup/swift-linuxSetup/native_install/build/2pass/llvm-linux-x86_64/bin/clang
ac_cv_prog_ac_ct_MANIFEST_TOOL=mt
ac_cv_prog_ac_ct_OBJDUMP=objdump
ac_cv_prog_ac_ct_RANLIB=ranlib
ac_cv_prog_ac_ct_STRIP=strip
ac_cv_prog_cc_c89=
ac_cv_prog_cc_g=yes
ac_cv_prog_make_make_set=yes
am_cv_CC_dependencies_compiler_type=gcc3
am_cv_make_support_nested_variables=yes
am_cv_prog_cc_c_o=yes
lt_cv_ar_at_file=@
lt_cv_archive_cmds_need_lc=no
lt_cv_deplibs_check_method=pass_all
lt_cv_file_magic_cmd='$MAGIC_CMD'
lt_cv_file_magic_test_file=
lt_cv_ld_reload_flag=-r
lt_cv_nm_interface='BSD nm'
lt_cv_objdir=.libs
lt_cv_path_LD=/usr/bin/ld
lt_cv_path_NM='/usr/bin/nm -B'
lt_cv_path_mainfest_tool=no
lt_cv_prog_compiler_c_o=yes
lt_cv_prog_compiler_pic='-fPIC -DPIC'
lt_cv_prog_compiler_pic_works=yes
lt_cv_prog_compiler_rtti_exceptions=yes
lt_cv_prog_compiler_static_works=yes
lt_cv_prog_gnu_ld=yes
lt_cv_sharedlib_from_linklib_cmd='printf %s\n'
lt_cv_shlibpath_overrides_runpath=no
lt_cv_sys_global_symbol_pipe='sed -n -e '\''s/^.*[	 ]\([ABCDGIRSTW][ABCDGIRSTW]*\)[	 ][	 ]*\([_A-Za-z][_A-Za-z0-9]*\)$/\1 \2 \2/p'\'' | sed '\''/ __gnu_lto/d'\'''
lt_cv_sys_global_symbol_to_c_name_address='sed -n -e '\''s/^: \(.*\) .*$/  {"\1", (void *) 0},/p'\'' -e '\''s/^[ABCDGIRSTW][ABCDGIRSTW]* .* \(.*\)$/  {"\1", (void *) \&\1},/p'\'''
lt_cv_sys_global_symbol_to_c_name_address_lib_prefix='sed -n -e '\''s/^: \(.*\) .*$/  {"\1", (void *) 0},/p'\'' -e '\''s/^[ABCDGIRSTW][ABCDGIRSTW]* .* \(lib.*\)$/  {"\1", (void *) \&\1},/p'\'' -e '\''s/^[ABCDGIRSTW][ABCDGIRSTW]* .* \(.*\)$/  {"lib\1", (void *) \&\1},/p'\'''
lt_cv_sys_global_symbol_to_cdecl='sed -n -e '\''s/^T .* \(.*\)$/extern int \1();/p'\'' -e '\''s/^[ABCDGIRSTW][ABCDGIRSTW]* .* \(.*\)$/extern char \1;/p'\'''
lt_cv_sys_global_symbol_to_import=
lt_cv_sys_max_cmd_len=1572864
lt_cv_to_host_file_cmd=func_convert_file_noop
lt_cv_to_tool_file_cmd=func_convert_file_noop
lt_cv_truncate_bin='/bin/dd bs=4096 count=1'

## ----------------- ##
## Output variables. ##
## ----------------- ##

ACLOCAL='${SHELL} /home/felix/Desktop/NativeSetup/swift-linuxSetup/native_install/swift-corelibs-libdispatch/libpwq/missing aclocal-1.15'
AMDEPBACKSLASH='\'
AMDEP_FALSE='#'
AMDEP_TRUE=''
AMTAR='$${TAR-tar}'
AM_BACKSLASH='\'
AM_DEFAULT_V='$(AM_DEFAULT_VERBOSITY)'
AM_DEFAULT_VERBOSITY='1'
AM_V='$(V)'
AR='ar'
AUTOCONF='${SHELL} /home/felix/Desktop/NativeSetup/swift-linuxSetup/native_install/swift-corelibs-libdispatch/libpwq/missing autoconf'
AUTOHEADER='${SHELL} /home/felix/Desktop/NativeSetup/swift-linuxSetup/native_install/swift-corelibs-libdispatch/libpwq/missing autoheader'
AUTOMAKE='${SHELL} /home/felix/Desktop/NativeSetup/swift-linuxSetup/native_install/swift-corelibs-libdispatch/libpwq/missing automake-1.15'
AWK='mawk'
BIONIC_LIBC_FALSE=''
BIONIC_LIBC_TRUE='#'
CC='/home/felix/Desktop/NativeSetup/swift-linuxSetup/native_install/build/2pass/llvm-linux-x86_64/bin/clang'
CCDEPMODE='depmode=gcc3'
CFLAGS='-g -O2'
CPP='/home/felix/Desktop/NativeSetup/swift-linuxSetup/native_install/build/2pass/llvm-linux-x86_64/bin/clang -E'
CPPFLAGS=''
CYGPATH_W='echo'
DEFS='-DHAVE_CONFIG_H'
DEPDIR='.deps'
DLLTOOL='false'
DSYMUTIL=''
DUMPBIN=''
ECHO_C=''
ECHO_N='-n'
ECHO_T=''
EGREP='/bin/grep -E'
EXEEXT=''
FGREP='/bin/grep -F'
GREP='/bin/grep'
INSTALL_DATA='${INSTALL} -m 644'
INSTALL_FALSE=''
INSTALL_PROGRAM='${INSTALL}'
INSTALL_SCRIPT='${INSTALL}'
INSTALL_STRIP_PROGRAM='$(install_sh) -c -s'
INSTALL_TRUE='#'
LD='/usr/bin/ld -m elf_x86_64'
LDFLAGS=''
LIBOBJS=''
LIBS=''
LIBTOOL='$(SHELL) $(top_builddir)/libtool'
LINUX_FALSE='#'
LINUX_TRUE=''
LIPO=''
LN_S='ln -s'
LTLIBOBJS=''
LT_SYS_LIBRARY_PATH=''
MAKEINFO='${SHELL} /home/felix/Desktop/NativeSetup/swift-linuxSetup/native_install/swift-corelibs-libdispatch/libpwq/missing makeinfo'
MANIFEST_TOOL=':'
MKDIR_P='/bin/mkdir -p'
NM='/usr/bin/nm -B'
NMEDIT=''
OBJDUMP='objdump'
OBJEXT='o'
OTOOL64=''
OTOOL=''
PACKAGE='libpthread_workqueue'
PACKAGE_BUGREPORT=''
PACKAGE_NAME='libpthread_workqueue'
PACKAGE_STRING='libpthread_workqueue 0.9.4'
PACKAGE_TARNAME='libpthread_workqueue'
PACKAGE_URL=''
PACKAGE_VERSION='0.9.4'
PATH_SEPARATOR=':'
RANLIB='ranlib'
SED='/bin/sed'
SET_MAKE=''
SHELL='/bin/bash'
STRIP='strip'
VERSION='0.9.4'
ac_ct_AR='ar'
ac_ct_CC='/home/felix/Desktop/NativeSetup/swift-linuxSetup/native_install/build/2pass/llvm-linux-x86_64/bin/clang'
ac_ct_DUMPBIN=''
am__EXEEXT_FALSE=''
am__EXEEXT_TRUE='#'
am__fastdepCC_FALSE='#'
am__fastdepCC_TRUE=''
am__include='include'
am__isrc=' -I$(srcdir)'
am__leading_dot='.'
am__nodep='_no'
am__quote=''
am__tar='$${TAR-tar} chof - "$$tardir"'
am__untar='$${TAR-tar} xf -'
bindir='${exec_prefix}/bin'
build='x86_64-pc-linux-gnu'
build_alias=''
build_cpu='x86_64'
build_os='linux-gnu'
build_vendor='pc'
datadir='${datarootdir}'
datarootdir='${prefix}/share'
docdir='${datarootdir}/doc/${PACKAGE_TARNAME}'
dvidir='${docdir}'
exec_prefix='${prefix}'
host='x86_64-pc-linux-gnu'
host_alias=''
host_cpu='x86_64'
host_os='linux-gnu'
host_vendor='pc'
htmldir='${docdir}'
includedir='${prefix}/include'
infodir='${datarootdir}/info'
install_sh='${SHELL} /home/felix/Desktop/NativeSetup/swift-linuxSetup/native_install/swift-corelibs-libdispatch/libpwq/install-sh'
libdir='${exec_prefix}/lib'
libexecdir='${exec_prefix}/libexec'
localedir='${datarootdir}/locale'
localstatedir='${prefix}/var'
mandir='${datarootdir}/man'
mkdir_p='$(MKDIR_P)'
oldincludedir='/usr/include'
pdfdir='${docdir}'
prefix='/2p/linux/swift-git/output//usr'
program_transform_name='s,x,x,'
psdir='${docdir}'
runstatedir='${localstatedir}/run'
sbindir='${exec_prefix}/sbin'
sharedstatedir='${prefix}/com'
sysconfdir='${prefix}/etc'
target_alias=''

## ----------- ##
## confdefs.h. ##
## ----------- ##

/* confdefs.h */
#define PACKAGE_NAME "libpthread_workqueue"
#define PACKAGE_TARNAME "libpthread_workqueue"
#define PACKAGE_VERSION "0.9.4"
#define PACKAGE_STRING "libpthread_workqueue 0.9.4"
#define PACKAGE_BUGREPORT ""
#define PACKAGE_URL ""
#define STDC_HEADERS 1
#define HAVE_SYS_TYPES_H 1
#define HAVE_SYS_STAT_H 1
#define HAVE_STDLIB_H 1
#define HAVE_STRING_H 1
#define HAVE_MEMORY_H 1
#define HAVE_STRINGS_H 1
#define HAVE_INTTYPES_H 1
#define HAVE_STDINT_H 1
#define HAVE_UNISTD_H 1
#define HAVE_DLFCN_H 1
#define LT_OBJDIR ".libs/"
#define PACKAGE "libpthread_workqueue"
#define VERSION "0.9.4"

configure: exit 0
