The system is: Linux - 4.8.0-36-generic - x86_64
Compiling the C compiler identification source file "CMakeCCompilerId.c" succeeded.
Compiler: /usr/bin/clang 
Build flags: ;;-fno-stack-protector
Id flags: 

The output was:
0


Compilation of the C compiler identification source "CMakeCCompilerId.c" produced "a.out"

The C compiler identification is Clang, found in "/home/felix/Desktop/NativeSetup/swift-linuxSetup/native_install/build/2pass/llvm-linux-x86_64/CMakeFiles/3.5.1/CompilerIdC/a.out"

Compiling the CXX compiler identification source file "CMakeCXXCompilerId.cpp" succeeded.
Compiler: /usr/bin/clang++ 
Build flags: ;;-fno-stack-protector
Id flags: 

The output was:
0


Compilation of the CXX compiler identification source "CMakeCXXCompilerId.cpp" produced "a.out"

The CXX compiler identification is Clang, found in "/home/felix/Desktop/NativeSetup/swift-linuxSetup/native_install/build/2pass/llvm-linux-x86_64/CMakeFiles/3.5.1/CompilerIdCXX/a.out"

Determining if the C compiler works passed with the following output:
Change Dir: /home/felix/Desktop/NativeSetup/swift-linuxSetup/native_install/build/2pass/llvm-linux-x86_64/CMakeFiles/CMakeTmp

Run Build Command:"/usr/bin/ninja" "cmTC_32dd5"
[1/2] Building C object CMakeFiles/cmTC_32dd5.dir/testCCompiler.c.o
[2/2] Linking C executable cmTC_32dd5


Detecting C compiler ABI info compiled with the following output:
Change Dir: /home/felix/Desktop/NativeSetup/swift-linuxSetup/native_install/build/2pass/llvm-linux-x86_64/CMakeFiles/CMakeTmp

Run Build Command:"/usr/bin/ninja" "cmTC_164cb"
[1/2] Building C object CMakeFiles/cmTC_164cb.dir/CMakeCCompilerABI.c.o
[2/2] Linking C executable cmTC_164cb
clang version 3.8.0-2ubuntu4 (tags/RELEASE_380/final)
Target: x86_64-pc-linux-gnu
Thread model: posix
InstalledDir: /usr/bin
Found candidate GCC installation: /usr/bin/../lib/gcc/x86_64-linux-gnu/5.4.0
Found candidate GCC installation: /usr/bin/../lib/gcc/x86_64-linux-gnu/6.0.0
Found candidate GCC installation: /usr/lib/gcc/x86_64-linux-gnu/5.4.0
Found candidate GCC installation: /usr/lib/gcc/x86_64-linux-gnu/6.0.0
Selected GCC installation: /usr/bin/../lib/gcc/x86_64-linux-gnu/5.4.0
Candidate multilib: .;@m64
Selected multilib: .;@m64
 "/usr/bin/ld.gold" -z relro --hash-style=gnu --build-id --eh-frame-hdr -m elf_x86_64 -dynamic-linker /lib64/ld-linux-x86-64.so.2 -o cmTC_164cb /usr/bin/../lib/gcc/x86_64-linux-gnu/5.4.0/../../../x86_64-linux-gnu/crt1.o /usr/bin/../lib/gcc/x86_64-linux-gnu/5.4.0/../../../x86_64-linux-gnu/crti.o /usr/bin/../lib/gcc/x86_64-linux-gnu/5.4.0/crtbegin.o -L/usr/bin/../lib/gcc/x86_64-linux-gnu/5.4.0 -L/usr/bin/../lib/gcc/x86_64-linux-gnu/5.4.0/../../../x86_64-linux-gnu -L/lib/x86_64-linux-gnu -L/lib/../lib64 -L/usr/lib/x86_64-linux-gnu -L/usr/bin/../lib/gcc/x86_64-linux-gnu/5.4.0/../../.. -L/usr/lib/llvm-3.8/bin/../lib -L/lib -L/usr/lib CMakeFiles/cmTC_164cb.dir/CMakeCCompilerABI.c.o -lgcc --as-needed -lgcc_s --no-as-needed -lc -lgcc --as-needed -lgcc_s --no-as-needed /usr/bin/../lib/gcc/x86_64-linux-gnu/5.4.0/crtend.o /usr/bin/../lib/gcc/x86_64-linux-gnu/5.4.0/../../../x86_64-linux-gnu/crtn.o


Parsed C implicit link information from above output:
  link line regex: [^( *|.*[/\])(ld|([^/\]+-)?ld|collect2)[^/\]*( |$)]
  ignore line: [Change Dir: /home/felix/Desktop/NativeSetup/swift-linuxSetup/native_install/build/2pass/llvm-linux-x86_64/CMakeFiles/CMakeTmp]
  ignore line: []
  ignore line: [Run Build Command:"/usr/bin/ninja" "cmTC_164cb"]
  ignore line: [[1/2] Building C object CMakeFiles/cmTC_164cb.dir/CMakeCCompilerABI.c.o]
  ignore line: [[2/2] Linking C executable cmTC_164cb]
  ignore line: [clang version 3.8.0-2ubuntu4 (tags/RELEASE_380/final)]
  ignore line: [Target: x86_64-pc-linux-gnu]
  ignore line: [Thread model: posix]
  ignore line: [InstalledDir: /usr/bin]
  ignore line: [Found candidate GCC installation: /usr/bin/../lib/gcc/x86_64-linux-gnu/5.4.0]
  ignore line: [Found candidate GCC installation: /usr/bin/../lib/gcc/x86_64-linux-gnu/6.0.0]
  ignore line: [Found candidate GCC installation: /usr/lib/gcc/x86_64-linux-gnu/5.4.0]
  ignore line: [Found candidate GCC installation: /usr/lib/gcc/x86_64-linux-gnu/6.0.0]
  ignore line: [Selected GCC installation: /usr/bin/../lib/gcc/x86_64-linux-gnu/5.4.0]
  ignore line: [Candidate multilib: .]
  ignore line: [@m64]
  ignore line: [Selected multilib: .]
  ignore line: [@m64]
  link line: [ "/usr/bin/ld.gold" -z relro --hash-style=gnu --build-id --eh-frame-hdr -m elf_x86_64 -dynamic-linker /lib64/ld-linux-x86-64.so.2 -o cmTC_164cb /usr/bin/../lib/gcc/x86_64-linux-gnu/5.4.0/../../../x86_64-linux-gnu/crt1.o /usr/bin/../lib/gcc/x86_64-linux-gnu/5.4.0/../../../x86_64-linux-gnu/crti.o /usr/bin/../lib/gcc/x86_64-linux-gnu/5.4.0/crtbegin.o -L/usr/bin/../lib/gcc/x86_64-linux-gnu/5.4.0 -L/usr/bin/../lib/gcc/x86_64-linux-gnu/5.4.0/../../../x86_64-linux-gnu -L/lib/x86_64-linux-gnu -L/lib/../lib64 -L/usr/lib/x86_64-linux-gnu -L/usr/bin/../lib/gcc/x86_64-linux-gnu/5.4.0/../../.. -L/usr/lib/llvm-3.8/bin/../lib -L/lib -L/usr/lib CMakeFiles/cmTC_164cb.dir/CMakeCCompilerABI.c.o -lgcc --as-needed -lgcc_s --no-as-needed -lc -lgcc --as-needed -lgcc_s --no-as-needed /usr/bin/../lib/gcc/x86_64-linux-gnu/5.4.0/crtend.o /usr/bin/../lib/gcc/x86_64-linux-gnu/5.4.0/../../../x86_64-linux-gnu/crtn.o]
    arg [/usr/bin/ld.gold] ==> ignore
    arg [-zrelro] ==> ignore
    arg [--hash-style=gnu] ==> ignore
    arg [--build-id] ==> ignore
    arg [--eh-frame-hdr] ==> ignore
    arg [-m] ==> ignore
    arg [elf_x86_64] ==> ignore
    arg [-dynamic-linker] ==> ignore
    arg [/lib64/ld-linux-x86-64.so.2] ==> ignore
    arg [-o] ==> ignore
    arg [cmTC_164cb] ==> ignore
    arg [/usr/bin/../lib/gcc/x86_64-linux-gnu/5.4.0/../../../x86_64-linux-gnu/crt1.o] ==> ignore
    arg [/usr/bin/../lib/gcc/x86_64-linux-gnu/5.4.0/../../../x86_64-linux-gnu/crti.o] ==> ignore
    arg [/usr/bin/../lib/gcc/x86_64-linux-gnu/5.4.0/crtbegin.o] ==> ignore
    arg [-L/usr/bin/../lib/gcc/x86_64-linux-gnu/5.4.0] ==> dir [/usr/bin/../lib/gcc/x86_64-linux-gnu/5.4.0]
    arg [-L/usr/bin/../lib/gcc/x86_64-linux-gnu/5.4.0/../../../x86_64-linux-gnu] ==> dir [/usr/bin/../lib/gcc/x86_64-linux-gnu/5.4.0/../../../x86_64-linux-gnu]
    arg [-L/lib/x86_64-linux-gnu] ==> dir [/lib/x86_64-linux-gnu]
    arg [-L/lib/../lib64] ==> dir [/lib/../lib64]
    arg [-L/usr/lib/x86_64-linux-gnu] ==> dir [/usr/lib/x86_64-linux-gnu]
    arg [-L/usr/bin/../lib/gcc/x86_64-linux-gnu/5.4.0/../../..] ==> dir [/usr/bin/../lib/gcc/x86_64-linux-gnu/5.4.0/../../..]
    arg [-L/usr/lib/llvm-3.8/bin/../lib] ==> dir [/usr/lib/llvm-3.8/bin/../lib]
    arg [-L/lib] ==> dir [/lib]
    arg [-L/usr/lib] ==> dir [/usr/lib]
    arg [CMakeFiles/cmTC_164cb.dir/CMakeCCompilerABI.c.o] ==> ignore
    arg [-lgcc] ==> lib [gcc]
    arg [--as-needed] ==> ignore
    arg [-lgcc_s] ==> lib [gcc_s]
    arg [--no-as-needed] ==> ignore
    arg [-lc] ==> lib [c]
    arg [-lgcc] ==> lib [gcc]
    arg [--as-needed] ==> ignore
    arg [-lgcc_s] ==> lib [gcc_s]
    arg [--no-as-needed] ==> ignore
    arg [/usr/bin/../lib/gcc/x86_64-linux-gnu/5.4.0/crtend.o] ==> ignore
    arg [/usr/bin/../lib/gcc/x86_64-linux-gnu/5.4.0/../../../x86_64-linux-gnu/crtn.o] ==> ignore
  remove lib [gcc]
  remove lib [gcc_s]
  remove lib [gcc]
  remove lib [gcc_s]
  collapse library dir [/usr/bin/../lib/gcc/x86_64-linux-gnu/5.4.0] ==> [/usr/lib/gcc/x86_64-linux-gnu/5.4.0]
  collapse library dir [/usr/bin/../lib/gcc/x86_64-linux-gnu/5.4.0/../../../x86_64-linux-gnu] ==> [/usr/lib/x86_64-linux-gnu]
  collapse library dir [/lib/x86_64-linux-gnu] ==> [/lib/x86_64-linux-gnu]
  collapse library dir [/lib/../lib64] ==> [/lib64]
  collapse library dir [/usr/lib/x86_64-linux-gnu] ==> [/usr/lib/x86_64-linux-gnu]
  collapse library dir [/usr/bin/../lib/gcc/x86_64-linux-gnu/5.4.0/../../..] ==> [/usr/lib]
  collapse library dir [/usr/lib/llvm-3.8/bin/../lib] ==> [/usr/lib/llvm-3.8/lib]
  collapse library dir [/lib] ==> [/lib]
  collapse library dir [/usr/lib] ==> [/usr/lib]
  implicit libs: [c]
  implicit dirs: [/usr/lib/gcc/x86_64-linux-gnu/5.4.0;/usr/lib/x86_64-linux-gnu;/lib/x86_64-linux-gnu;/lib64;/usr/lib;/usr/lib/llvm-3.8/lib;/lib]
  implicit fwks: []




Detecting C [-std=c11] compiler features compiled with the following output:
Change Dir: /home/felix/Desktop/NativeSetup/swift-linuxSetup/native_install/build/2pass/llvm-linux-x86_64/CMakeFiles/CMakeTmp

Run Build Command:"/usr/bin/ninja" "cmTC_1bb92"
[1/2] Building C object CMakeFiles/cmTC_1bb92.dir/feature_tests.c.o
[2/2] Linking C executable cmTC_1bb92


    Feature record: C_FEATURE:1c_function_prototypes
    Feature record: C_FEATURE:1c_restrict
    Feature record: C_FEATURE:1c_static_assert
    Feature record: C_FEATURE:1c_variadic_macros


Detecting C [-std=c99] compiler features compiled with the following output:
Change Dir: /home/felix/Desktop/NativeSetup/swift-linuxSetup/native_install/build/2pass/llvm-linux-x86_64/CMakeFiles/CMakeTmp

Run Build Command:"/usr/bin/ninja" "cmTC_c3222"
[1/2] Building C object CMakeFiles/cmTC_c3222.dir/feature_tests.c.o
[2/2] Linking C executable cmTC_c3222


    Feature record: C_FEATURE:1c_function_prototypes
    Feature record: C_FEATURE:1c_restrict
    Feature record: C_FEATURE:0c_static_assert
    Feature record: C_FEATURE:1c_variadic_macros


Detecting C [-std=c90] compiler features compiled with the following output:
Change Dir: /home/felix/Desktop/NativeSetup/swift-linuxSetup/native_install/build/2pass/llvm-linux-x86_64/CMakeFiles/CMakeTmp

Run Build Command:"/usr/bin/ninja" "cmTC_d93f3"
[1/2] Building C object CMakeFiles/cmTC_d93f3.dir/feature_tests.c.o
[2/2] Linking C executable cmTC_d93f3


    Feature record: C_FEATURE:1c_function_prototypes
    Feature record: C_FEATURE:0c_restrict
    Feature record: C_FEATURE:0c_static_assert
    Feature record: C_FEATURE:0c_variadic_macros
Determining if the CXX compiler works passed with the following output:
Change Dir: /home/felix/Desktop/NativeSetup/swift-linuxSetup/native_install/build/2pass/llvm-linux-x86_64/CMakeFiles/CMakeTmp

Run Build Command:"/usr/bin/ninja" "cmTC_b7852"
[1/2] Building CXX object CMakeFiles/cmTC_b7852.dir/testCXXCompiler.cxx.o
[2/2] Linking CXX executable cmTC_b7852


Detecting CXX compiler ABI info compiled with the following output:
Change Dir: /home/felix/Desktop/NativeSetup/swift-linuxSetup/native_install/build/2pass/llvm-linux-x86_64/CMakeFiles/CMakeTmp

Run Build Command:"/usr/bin/ninja" "cmTC_02c19"
[1/2] Building CXX object CMakeFiles/cmTC_02c19.dir/CMakeCXXCompilerABI.cpp.o
[2/2] Linking CXX executable cmTC_02c19
clang version 3.8.0-2ubuntu4 (tags/RELEASE_380/final)
Target: x86_64-pc-linux-gnu
Thread model: posix
InstalledDir: /usr/bin
Found candidate GCC installation: /usr/bin/../lib/gcc/x86_64-linux-gnu/5.4.0
Found candidate GCC installation: /usr/bin/../lib/gcc/x86_64-linux-gnu/6.0.0
Found candidate GCC installation: /usr/lib/gcc/x86_64-linux-gnu/5.4.0
Found candidate GCC installation: /usr/lib/gcc/x86_64-linux-gnu/6.0.0
Selected GCC installation: /usr/bin/../lib/gcc/x86_64-linux-gnu/5.4.0
Candidate multilib: .;@m64
Selected multilib: .;@m64
 "/usr/bin/ld.gold" -z relro --hash-style=gnu --build-id --eh-frame-hdr -m elf_x86_64 -dynamic-linker /lib64/ld-linux-x86-64.so.2 -o cmTC_02c19 /usr/bin/../lib/gcc/x86_64-linux-gnu/5.4.0/../../../x86_64-linux-gnu/crt1.o /usr/bin/../lib/gcc/x86_64-linux-gnu/5.4.0/../../../x86_64-linux-gnu/crti.o /usr/bin/../lib/gcc/x86_64-linux-gnu/5.4.0/crtbegin.o -L/usr/bin/../lib/gcc/x86_64-linux-gnu/5.4.0 -L/usr/bin/../lib/gcc/x86_64-linux-gnu/5.4.0/../../../x86_64-linux-gnu -L/lib/x86_64-linux-gnu -L/lib/../lib64 -L/usr/lib/x86_64-linux-gnu -L/usr/bin/../lib/gcc/x86_64-linux-gnu/5.4.0/../../.. -L/usr/lib/llvm-3.8/bin/../lib -L/lib -L/usr/lib CMakeFiles/cmTC_02c19.dir/CMakeCXXCompilerABI.cpp.o -lstdc++ -lm -lgcc_s -lgcc -lc -lgcc_s -lgcc /usr/bin/../lib/gcc/x86_64-linux-gnu/5.4.0/crtend.o /usr/bin/../lib/gcc/x86_64-linux-gnu/5.4.0/../../../x86_64-linux-gnu/crtn.o


Parsed CXX implicit link information from above output:
  link line regex: [^( *|.*[/\])(ld|([^/\]+-)?ld|collect2)[^/\]*( |$)]
  ignore line: [Change Dir: /home/felix/Desktop/NativeSetup/swift-linuxSetup/native_install/build/2pass/llvm-linux-x86_64/CMakeFiles/CMakeTmp]
  ignore line: []
  ignore line: [Run Build Command:"/usr/bin/ninja" "cmTC_02c19"]
  ignore line: [[1/2] Building CXX object CMakeFiles/cmTC_02c19.dir/CMakeCXXCompilerABI.cpp.o]
  ignore line: [[2/2] Linking CXX executable cmTC_02c19]
  ignore line: [clang version 3.8.0-2ubuntu4 (tags/RELEASE_380/final)]
  ignore line: [Target: x86_64-pc-linux-gnu]
  ignore line: [Thread model: posix]
  ignore line: [InstalledDir: /usr/bin]
  ignore line: [Found candidate GCC installation: /usr/bin/../lib/gcc/x86_64-linux-gnu/5.4.0]
  ignore line: [Found candidate GCC installation: /usr/bin/../lib/gcc/x86_64-linux-gnu/6.0.0]
  ignore line: [Found candidate GCC installation: /usr/lib/gcc/x86_64-linux-gnu/5.4.0]
  ignore line: [Found candidate GCC installation: /usr/lib/gcc/x86_64-linux-gnu/6.0.0]
  ignore line: [Selected GCC installation: /usr/bin/../lib/gcc/x86_64-linux-gnu/5.4.0]
  ignore line: [Candidate multilib: .]
  ignore line: [@m64]
  ignore line: [Selected multilib: .]
  ignore line: [@m64]
  link line: [ "/usr/bin/ld.gold" -z relro --hash-style=gnu --build-id --eh-frame-hdr -m elf_x86_64 -dynamic-linker /lib64/ld-linux-x86-64.so.2 -o cmTC_02c19 /usr/bin/../lib/gcc/x86_64-linux-gnu/5.4.0/../../../x86_64-linux-gnu/crt1.o /usr/bin/../lib/gcc/x86_64-linux-gnu/5.4.0/../../../x86_64-linux-gnu/crti.o /usr/bin/../lib/gcc/x86_64-linux-gnu/5.4.0/crtbegin.o -L/usr/bin/../lib/gcc/x86_64-linux-gnu/5.4.0 -L/usr/bin/../lib/gcc/x86_64-linux-gnu/5.4.0/../../../x86_64-linux-gnu -L/lib/x86_64-linux-gnu -L/lib/../lib64 -L/usr/lib/x86_64-linux-gnu -L/usr/bin/../lib/gcc/x86_64-linux-gnu/5.4.0/../../.. -L/usr/lib/llvm-3.8/bin/../lib -L/lib -L/usr/lib CMakeFiles/cmTC_02c19.dir/CMakeCXXCompilerABI.cpp.o -lstdc++ -lm -lgcc_s -lgcc -lc -lgcc_s -lgcc /usr/bin/../lib/gcc/x86_64-linux-gnu/5.4.0/crtend.o /usr/bin/../lib/gcc/x86_64-linux-gnu/5.4.0/../../../x86_64-linux-gnu/crtn.o]
    arg [/usr/bin/ld.gold] ==> ignore
    arg [-zrelro] ==> ignore
    arg [--hash-style=gnu] ==> ignore
    arg [--build-id] ==> ignore
    arg [--eh-frame-hdr] ==> ignore
    arg [-m] ==> ignore
    arg [elf_x86_64] ==> ignore
    arg [-dynamic-linker] ==> ignore
    arg [/lib64/ld-linux-x86-64.so.2] ==> ignore
    arg [-o] ==> ignore
    arg [cmTC_02c19] ==> ignore
    arg [/usr/bin/../lib/gcc/x86_64-linux-gnu/5.4.0/../../../x86_64-linux-gnu/crt1.o] ==> ignore
    arg [/usr/bin/../lib/gcc/x86_64-linux-gnu/5.4.0/../../../x86_64-linux-gnu/crti.o] ==> ignore
    arg [/usr/bin/../lib/gcc/x86_64-linux-gnu/5.4.0/crtbegin.o] ==> ignore
    arg [-L/usr/bin/../lib/gcc/x86_64-linux-gnu/5.4.0] ==> dir [/usr/bin/../lib/gcc/x86_64-linux-gnu/5.4.0]
    arg [-L/usr/bin/../lib/gcc/x86_64-linux-gnu/5.4.0/../../../x86_64-linux-gnu] ==> dir [/usr/bin/../lib/gcc/x86_64-linux-gnu/5.4.0/../../../x86_64-linux-gnu]
    arg [-L/lib/x86_64-linux-gnu] ==> dir [/lib/x86_64-linux-gnu]
    arg [-L/lib/../lib64] ==> dir [/lib/../lib64]
    arg [-L/usr/lib/x86_64-linux-gnu] ==> dir [/usr/lib/x86_64-linux-gnu]
    arg [-L/usr/bin/../lib/gcc/x86_64-linux-gnu/5.4.0/../../..] ==> dir [/usr/bin/../lib/gcc/x86_64-linux-gnu/5.4.0/../../..]
    arg [-L/usr/lib/llvm-3.8/bin/../lib] ==> dir [/usr/lib/llvm-3.8/bin/../lib]
    arg [-L/lib] ==> dir [/lib]
    arg [-L/usr/lib] ==> dir [/usr/lib]
    arg [CMakeFiles/cmTC_02c19.dir/CMakeCXXCompilerABI.cpp.o] ==> ignore
    arg [-lstdc++] ==> lib [stdc++]
    arg [-lm] ==> lib [m]
    arg [-lgcc_s] ==> lib [gcc_s]
    arg [-lgcc] ==> lib [gcc]
    arg [-lc] ==> lib [c]
    arg [-lgcc_s] ==> lib [gcc_s]
    arg [-lgcc] ==> lib [gcc]
    arg [/usr/bin/../lib/gcc/x86_64-linux-gnu/5.4.0/crtend.o] ==> ignore
    arg [/usr/bin/../lib/gcc/x86_64-linux-gnu/5.4.0/../../../x86_64-linux-gnu/crtn.o] ==> ignore
  remove lib [gcc_s]
  remove lib [gcc]
  remove lib [gcc_s]
  remove lib [gcc]
  collapse library dir [/usr/bin/../lib/gcc/x86_64-linux-gnu/5.4.0] ==> [/usr/lib/gcc/x86_64-linux-gnu/5.4.0]
  collapse library dir [/usr/bin/../lib/gcc/x86_64-linux-gnu/5.4.0/../../../x86_64-linux-gnu] ==> [/usr/lib/x86_64-linux-gnu]
  collapse library dir [/lib/x86_64-linux-gnu] ==> [/lib/x86_64-linux-gnu]
  collapse library dir [/lib/../lib64] ==> [/lib64]
  collapse library dir [/usr/lib/x86_64-linux-gnu] ==> [/usr/lib/x86_64-linux-gnu]
  collapse library dir [/usr/bin/../lib/gcc/x86_64-linux-gnu/5.4.0/../../..] ==> [/usr/lib]
  collapse library dir [/usr/lib/llvm-3.8/bin/../lib] ==> [/usr/lib/llvm-3.8/lib]
  collapse library dir [/lib] ==> [/lib]
  collapse library dir [/usr/lib] ==> [/usr/lib]
  implicit libs: [stdc++;m;c]
  implicit dirs: [/usr/lib/gcc/x86_64-linux-gnu/5.4.0;/usr/lib/x86_64-linux-gnu;/lib/x86_64-linux-gnu;/lib64;/usr/lib;/usr/lib/llvm-3.8/lib;/lib]
  implicit fwks: []




Detecting CXX [-std=c++14] compiler features compiled with the following output:
Change Dir: /home/felix/Desktop/NativeSetup/swift-linuxSetup/native_install/build/2pass/llvm-linux-x86_64/CMakeFiles/CMakeTmp

Run Build Command:"/usr/bin/ninja" "cmTC_53235"
[1/2] Building CXX object CMakeFiles/cmTC_53235.dir/feature_tests.cxx.o
[2/2] Linking CXX executable cmTC_53235


    Feature record: CXX_FEATURE:1cxx_aggregate_default_initializers
    Feature record: CXX_FEATURE:1cxx_alias_templates
    Feature record: CXX_FEATURE:1cxx_alignas
    Feature record: CXX_FEATURE:1cxx_alignof
    Feature record: CXX_FEATURE:1cxx_attributes
    Feature record: CXX_FEATURE:1cxx_attribute_deprecated
    Feature record: CXX_FEATURE:1cxx_auto_type
    Feature record: CXX_FEATURE:1cxx_binary_literals
    Feature record: CXX_FEATURE:1cxx_constexpr
    Feature record: CXX_FEATURE:1cxx_contextual_conversions
    Feature record: CXX_FEATURE:1cxx_decltype
    Feature record: CXX_FEATURE:1cxx_decltype_auto
    Feature record: CXX_FEATURE:1cxx_decltype_incomplete_return_types
    Feature record: CXX_FEATURE:1cxx_default_function_template_args
    Feature record: CXX_FEATURE:1cxx_defaulted_functions
    Feature record: CXX_FEATURE:1cxx_defaulted_move_initializers
    Feature record: CXX_FEATURE:1cxx_delegating_constructors
    Feature record: CXX_FEATURE:1cxx_deleted_functions
    Feature record: CXX_FEATURE:1cxx_digit_separators
    Feature record: CXX_FEATURE:1cxx_enum_forward_declarations
    Feature record: CXX_FEATURE:1cxx_explicit_conversions
    Feature record: CXX_FEATURE:1cxx_extended_friend_declarations
    Feature record: CXX_FEATURE:1cxx_extern_templates
    Feature record: CXX_FEATURE:1cxx_final
    Feature record: CXX_FEATURE:1cxx_func_identifier
    Feature record: CXX_FEATURE:1cxx_generalized_initializers
    Feature record: CXX_FEATURE:1cxx_generic_lambdas
    Feature record: CXX_FEATURE:1cxx_inheriting_constructors
    Feature record: CXX_FEATURE:1cxx_inline_namespaces
    Feature record: CXX_FEATURE:1cxx_lambdas
    Feature record: CXX_FEATURE:1cxx_lambda_init_captures
    Feature record: CXX_FEATURE:1cxx_local_type_template_args
    Feature record: CXX_FEATURE:1cxx_long_long_type
    Feature record: CXX_FEATURE:1cxx_noexcept
    Feature record: CXX_FEATURE:1cxx_nonstatic_member_init
    Feature record: CXX_FEATURE:1cxx_nullptr
    Feature record: CXX_FEATURE:1cxx_override
    Feature record: CXX_FEATURE:1cxx_range_for
    Feature record: CXX_FEATURE:1cxx_raw_string_literals
    Feature record: CXX_FEATURE:1cxx_reference_qualified_functions
    Feature record: CXX_FEATURE:1cxx_relaxed_constexpr
    Feature record: CXX_FEATURE:1cxx_return_type_deduction
    Feature record: CXX_FEATURE:1cxx_right_angle_brackets
    Feature record: CXX_FEATURE:1cxx_rvalue_references
    Feature record: CXX_FEATURE:1cxx_sizeof_member
    Feature record: CXX_FEATURE:1cxx_static_assert
    Feature record: CXX_FEATURE:1cxx_strong_enums
    Feature record: CXX_FEATURE:1cxx_template_template_parameters
    Feature record: CXX_FEATURE:1cxx_thread_local
    Feature record: CXX_FEATURE:1cxx_trailing_return_types
    Feature record: CXX_FEATURE:1cxx_unicode_literals
    Feature record: CXX_FEATURE:1cxx_uniform_initialization
    Feature record: CXX_FEATURE:1cxx_unrestricted_unions
    Feature record: CXX_FEATURE:1cxx_user_literals
    Feature record: CXX_FEATURE:1cxx_variable_templates
    Feature record: CXX_FEATURE:1cxx_variadic_macros
    Feature record: CXX_FEATURE:1cxx_variadic_templates


Detecting CXX [-std=c++11] compiler features compiled with the following output:
Change Dir: /home/felix/Desktop/NativeSetup/swift-linuxSetup/native_install/build/2pass/llvm-linux-x86_64/CMakeFiles/CMakeTmp

Run Build Command:"/usr/bin/ninja" "cmTC_8367a"
[1/2] Building CXX object CMakeFiles/cmTC_8367a.dir/feature_tests.cxx.o
[2/2] Linking CXX executable cmTC_8367a


    Feature record: CXX_FEATURE:0cxx_aggregate_default_initializers
    Feature record: CXX_FEATURE:1cxx_alias_templates
    Feature record: CXX_FEATURE:1cxx_alignas
    Feature record: CXX_FEATURE:1cxx_alignof
    Feature record: CXX_FEATURE:1cxx_attributes
    Feature record: CXX_FEATURE:0cxx_attribute_deprecated
    Feature record: CXX_FEATURE:1cxx_auto_type
    Feature record: CXX_FEATURE:0cxx_binary_literals
    Feature record: CXX_FEATURE:1cxx_constexpr
    Feature record: CXX_FEATURE:0cxx_contextual_conversions
    Feature record: CXX_FEATURE:1cxx_decltype
    Feature record: CXX_FEATURE:0cxx_decltype_auto
    Feature record: CXX_FEATURE:1cxx_decltype_incomplete_return_types
    Feature record: CXX_FEATURE:1cxx_default_function_template_args
    Feature record: CXX_FEATURE:1cxx_defaulted_functions
    Feature record: CXX_FEATURE:1cxx_defaulted_move_initializers
    Feature record: CXX_FEATURE:1cxx_delegating_constructors
    Feature record: CXX_FEATURE:1cxx_deleted_functions
    Feature record: CXX_FEATURE:0cxx_digit_separators
    Feature record: CXX_FEATURE:1cxx_enum_forward_declarations
    Feature record: CXX_FEATURE:1cxx_explicit_conversions
    Feature record: CXX_FEATURE:1cxx_extended_friend_declarations
    Feature record: CXX_FEATURE:1cxx_extern_templates
    Feature record: CXX_FEATURE:1cxx_final
    Feature record: CXX_FEATURE:1cxx_func_identifier
    Feature record: CXX_FEATURE:1cxx_generalized_initializers
    Feature record: CXX_FEATURE:0cxx_generic_lambdas
    Feature record: CXX_FEATURE:1cxx_inheriting_constructors
    Feature record: CXX_FEATURE:1cxx_inline_namespaces
    Feature record: CXX_FEATURE:1cxx_lambdas
    Feature record: CXX_FEATURE:0cxx_lambda_init_captures
    Feature record: CXX_FEATURE:1cxx_local_type_template_args
    Feature record: CXX_FEATURE:1cxx_long_long_type
    Feature record: CXX_FEATURE:1cxx_noexcept
    Feature record: CXX_FEATURE:1cxx_nonstatic_member_init
    Feature record: CXX_FEATURE:1cxx_nullptr
    Feature record: CXX_FEATURE:1cxx_override
    Feature record: CXX_FEATURE:1cxx_range_for
    Feature record: CXX_FEATURE:1cxx_raw_string_literals
    Feature record: CXX_FEATURE:1cxx_reference_qualified_functions
    Feature record: CXX_FEATURE:0cxx_relaxed_constexpr
    Feature record: CXX_FEATURE:0cxx_return_type_deduction
    Feature record: CXX_FEATURE:1cxx_right_angle_brackets
    Feature record: CXX_FEATURE:1cxx_rvalue_references
    Feature record: CXX_FEATURE:1cxx_sizeof_member
    Feature record: CXX_FEATURE:1cxx_static_assert
    Feature record: CXX_FEATURE:1cxx_strong_enums
    Feature record: CXX_FEATURE:1cxx_template_template_parameters
    Feature record: CXX_FEATURE:1cxx_thread_local
    Feature record: CXX_FEATURE:1cxx_trailing_return_types
    Feature record: CXX_FEATURE:1cxx_unicode_literals
    Feature record: CXX_FEATURE:1cxx_uniform_initialization
    Feature record: CXX_FEATURE:1cxx_unrestricted_unions
    Feature record: CXX_FEATURE:1cxx_user_literals
    Feature record: CXX_FEATURE:0cxx_variable_templates
    Feature record: CXX_FEATURE:1cxx_variadic_macros
    Feature record: CXX_FEATURE:1cxx_variadic_templates


Detecting CXX [-std=c++98] compiler features compiled with the following output:
Change Dir: /home/felix/Desktop/NativeSetup/swift-linuxSetup/native_install/build/2pass/llvm-linux-x86_64/CMakeFiles/CMakeTmp

Run Build Command:"/usr/bin/ninja" "cmTC_2f7c9"
[1/2] Building CXX object CMakeFiles/cmTC_2f7c9.dir/feature_tests.cxx.o
[2/2] Linking CXX executable cmTC_2f7c9


    Feature record: CXX_FEATURE:0cxx_aggregate_default_initializers
    Feature record: CXX_FEATURE:0cxx_alias_templates
    Feature record: CXX_FEATURE:0cxx_alignas
    Feature record: CXX_FEATURE:0cxx_alignof
    Feature record: CXX_FEATURE:0cxx_attributes
    Feature record: CXX_FEATURE:0cxx_attribute_deprecated
    Feature record: CXX_FEATURE:0cxx_auto_type
    Feature record: CXX_FEATURE:0cxx_binary_literals
    Feature record: CXX_FEATURE:0cxx_constexpr
    Feature record: CXX_FEATURE:0cxx_contextual_conversions
    Feature record: CXX_FEATURE:0cxx_decltype
    Feature record: CXX_FEATURE:0cxx_decltype_auto
    Feature record: CXX_FEATURE:0cxx_decltype_incomplete_return_types
    Feature record: CXX_FEATURE:0cxx_default_function_template_args
    Feature record: CXX_FEATURE:0cxx_defaulted_functions
    Feature record: CXX_FEATURE:0cxx_defaulted_move_initializers
    Feature record: CXX_FEATURE:0cxx_delegating_constructors
    Feature record: CXX_FEATURE:0cxx_deleted_functions
    Feature record: CXX_FEATURE:0cxx_digit_separators
    Feature record: CXX_FEATURE:0cxx_enum_forward_declarations
    Feature record: CXX_FEATURE:0cxx_explicit_conversions
    Feature record: CXX_FEATURE:0cxx_extended_friend_declarations
    Feature record: CXX_FEATURE:0cxx_extern_templates
    Feature record: CXX_FEATURE:0cxx_final
    Feature record: CXX_FEATURE:0cxx_func_identifier
    Feature record: CXX_FEATURE:0cxx_generalized_initializers
    Feature record: CXX_FEATURE:0cxx_generic_lambdas
    Feature record: CXX_FEATURE:0cxx_inheriting_constructors
    Feature record: CXX_FEATURE:0cxx_inline_namespaces
    Feature record: CXX_FEATURE:0cxx_lambdas
    Feature record: CXX_FEATURE:0cxx_lambda_init_captures
    Feature record: CXX_FEATURE:0cxx_local_type_template_args
    Feature record: CXX_FEATURE:0cxx_long_long_type
    Feature record: CXX_FEATURE:0cxx_noexcept
    Feature record: CXX_FEATURE:0cxx_nonstatic_member_init
    Feature record: CXX_FEATURE:0cxx_nullptr
    Feature record: CXX_FEATURE:0cxx_override
    Feature record: CXX_FEATURE:0cxx_range_for
    Feature record: CXX_FEATURE:0cxx_raw_string_literals
    Feature record: CXX_FEATURE:0cxx_reference_qualified_functions
    Feature record: CXX_FEATURE:0cxx_relaxed_constexpr
    Feature record: CXX_FEATURE:0cxx_return_type_deduction
    Feature record: CXX_FEATURE:0cxx_right_angle_brackets
    Feature record: CXX_FEATURE:0cxx_rvalue_references
    Feature record: CXX_FEATURE:0cxx_sizeof_member
    Feature record: CXX_FEATURE:0cxx_static_assert
    Feature record: CXX_FEATURE:0cxx_strong_enums
    Feature record: CXX_FEATURE:1cxx_template_template_parameters
    Feature record: CXX_FEATURE:0cxx_thread_local
    Feature record: CXX_FEATURE:0cxx_trailing_return_types
    Feature record: CXX_FEATURE:0cxx_unicode_literals
    Feature record: CXX_FEATURE:0cxx_uniform_initialization
    Feature record: CXX_FEATURE:0cxx_unrestricted_unions
    Feature record: CXX_FEATURE:0cxx_user_literals
    Feature record: CXX_FEATURE:0cxx_variable_templates
    Feature record: CXX_FEATURE:0cxx_variadic_macros
    Feature record: CXX_FEATURE:0cxx_variadic_templates
Performing C++ SOURCE FILE Test LLVM_NO_OLD_LIBSTDCXX succeeded with the following output:
Change Dir: /home/felix/Desktop/NativeSetup/swift-linuxSetup/native_install/build/2pass/llvm-linux-x86_64/CMakeFiles/CMakeTmp

Run Build Command:"/usr/bin/ninja" "cmTC_1e413"
[1/2] Building CXX object CMakeFiles/cmTC_1e413.dir/src.cxx.o
[2/2] Linking CXX executable cmTC_1e413

Source file was:

#include <atomic>
std::atomic<float> x(0.0f);
int main() { return (float)x; }
Determining if the include file dirent.h exists passed with the following output:
Change Dir: /home/felix/Desktop/NativeSetup/swift-linuxSetup/native_install/build/2pass/llvm-linux-x86_64/CMakeFiles/CMakeTmp

Run Build Command:"/usr/bin/ninja" "cmTC_f1562"
[1/2] Building C object CMakeFiles/cmTC_f1562.dir/CheckIncludeFile.c.o
[2/2] Linking C executable cmTC_f1562


Determining if the include file dlfcn.h exists passed with the following output:
Change Dir: /home/felix/Desktop/NativeSetup/swift-linuxSetup/native_install/build/2pass/llvm-linux-x86_64/CMakeFiles/CMakeTmp

Run Build Command:"/usr/bin/ninja" "cmTC_deb2c"
[1/2] Building C object CMakeFiles/cmTC_deb2c.dir/CheckIncludeFile.c.o
[2/2] Linking C executable cmTC_deb2c


Determining if the include file errno.h exists passed with the following output:
Change Dir: /home/felix/Desktop/NativeSetup/swift-linuxSetup/native_install/build/2pass/llvm-linux-x86_64/CMakeFiles/CMakeTmp

Run Build Command:"/usr/bin/ninja" "cmTC_71c2c"
[1/2] Building C object CMakeFiles/cmTC_71c2c.dir/CheckIncludeFile.c.o
[2/2] Linking C executable cmTC_71c2c


Determining if the include file execinfo.h exists passed with the following output:
Change Dir: /home/felix/Desktop/NativeSetup/swift-linuxSetup/native_install/build/2pass/llvm-linux-x86_64/CMakeFiles/CMakeTmp

Run Build Command:"/usr/bin/ninja" "cmTC_661a6"
[1/2] Building C object CMakeFiles/cmTC_661a6.dir/CheckIncludeFile.c.o
[2/2] Linking C executable cmTC_661a6


Determining if the include file fcntl.h exists passed with the following output:
Change Dir: /home/felix/Desktop/NativeSetup/swift-linuxSetup/native_install/build/2pass/llvm-linux-x86_64/CMakeFiles/CMakeTmp

Run Build Command:"/usr/bin/ninja" "cmTC_68086"
[1/2] Building C object CMakeFiles/cmTC_68086.dir/CheckIncludeFile.c.o
[2/2] Linking C executable cmTC_68086


Determining if the include file inttypes.h exists passed with the following output:
Change Dir: /home/felix/Desktop/NativeSetup/swift-linuxSetup/native_install/build/2pass/llvm-linux-x86_64/CMakeFiles/CMakeTmp

Run Build Command:"/usr/bin/ninja" "cmTC_e80bc"
[1/2] Building C object CMakeFiles/cmTC_e80bc.dir/CheckIncludeFile.c.o
[2/2] Linking C executable cmTC_e80bc


Determining if the include file limits.h exists passed with the following output:
Change Dir: /home/felix/Desktop/NativeSetup/swift-linuxSetup/native_install/build/2pass/llvm-linux-x86_64/CMakeFiles/CMakeTmp

Run Build Command:"/usr/bin/ninja" "cmTC_5f64e"
[1/2] Building C object CMakeFiles/cmTC_5f64e.dir/CheckIncludeFile.c.o
[2/2] Linking C executable cmTC_5f64e


Determining if the include file link.h exists passed with the following output:
Change Dir: /home/felix/Desktop/NativeSetup/swift-linuxSetup/native_install/build/2pass/llvm-linux-x86_64/CMakeFiles/CMakeTmp

Run Build Command:"/usr/bin/ninja" "cmTC_6377d"
[1/2] Building C object CMakeFiles/cmTC_6377d.dir/CheckIncludeFile.c.o
[2/2] Linking C executable cmTC_6377d


Determining if the include file malloc.h exists passed with the following output:
Change Dir: /home/felix/Desktop/NativeSetup/swift-linuxSetup/native_install/build/2pass/llvm-linux-x86_64/CMakeFiles/CMakeTmp

Run Build Command:"/usr/bin/ninja" "cmTC_58c29"
[1/2] Building C object CMakeFiles/cmTC_58c29.dir/CheckIncludeFile.c.o
[2/2] Linking C executable cmTC_58c29


Determining if the include file pthread.h exists passed with the following output:
Change Dir: /home/felix/Desktop/NativeSetup/swift-linuxSetup/native_install/build/2pass/llvm-linux-x86_64/CMakeFiles/CMakeTmp

Run Build Command:"/usr/bin/ninja" "cmTC_fbbe9"
[1/2] Building C object CMakeFiles/cmTC_fbbe9.dir/CheckIncludeFile.c.o
[2/2] Linking C executable cmTC_fbbe9


Determining if the include file signal.h exists passed with the following output:
Change Dir: /home/felix/Desktop/NativeSetup/swift-linuxSetup/native_install/build/2pass/llvm-linux-x86_64/CMakeFiles/CMakeTmp

Run Build Command:"/usr/bin/ninja" "cmTC_bcd64"
[1/2] Building C object CMakeFiles/cmTC_bcd64.dir/CheckIncludeFile.c.o
[2/2] Linking C executable cmTC_bcd64


Determining if the include file stdint.h exists passed with the following output:
Change Dir: /home/felix/Desktop/NativeSetup/swift-linuxSetup/native_install/build/2pass/llvm-linux-x86_64/CMakeFiles/CMakeTmp

Run Build Command:"/usr/bin/ninja" "cmTC_98945"
[1/2] Building C object CMakeFiles/cmTC_98945.dir/CheckIncludeFile.c.o
[2/2] Linking C executable cmTC_98945


Determining if the include file sys/dir.h exists passed with the following output:
Change Dir: /home/felix/Desktop/NativeSetup/swift-linuxSetup/native_install/build/2pass/llvm-linux-x86_64/CMakeFiles/CMakeTmp

Run Build Command:"/usr/bin/ninja" "cmTC_bcae1"
[1/2] Building C object CMakeFiles/cmTC_bcae1.dir/CheckIncludeFile.c.o
[2/2] Linking C executable cmTC_bcae1


Determining if the include file sys/ioctl.h exists passed with the following output:
Change Dir: /home/felix/Desktop/NativeSetup/swift-linuxSetup/native_install/build/2pass/llvm-linux-x86_64/CMakeFiles/CMakeTmp

Run Build Command:"/usr/bin/ninja" "cmTC_2daf3"
[1/2] Building C object CMakeFiles/cmTC_2daf3.dir/CheckIncludeFile.c.o
[2/2] Linking C executable cmTC_2daf3


Determining if the include file sys/mman.h exists passed with the following output:
Change Dir: /home/felix/Desktop/NativeSetup/swift-linuxSetup/native_install/build/2pass/llvm-linux-x86_64/CMakeFiles/CMakeTmp

Run Build Command:"/usr/bin/ninja" "cmTC_c8ab9"
[1/2] Building C object CMakeFiles/cmTC_c8ab9.dir/CheckIncludeFile.c.o
[2/2] Linking C executable cmTC_c8ab9


Determining if the include file sys/param.h exists passed with the following output:
Change Dir: /home/felix/Desktop/NativeSetup/swift-linuxSetup/native_install/build/2pass/llvm-linux-x86_64/CMakeFiles/CMakeTmp

Run Build Command:"/usr/bin/ninja" "cmTC_46daa"
[1/2] Building C object CMakeFiles/cmTC_46daa.dir/CheckIncludeFile.c.o
[2/2] Linking C executable cmTC_46daa


Determining if the include file sys/resource.h exists passed with the following output:
Change Dir: /home/felix/Desktop/NativeSetup/swift-linuxSetup/native_install/build/2pass/llvm-linux-x86_64/CMakeFiles/CMakeTmp

Run Build Command:"/usr/bin/ninja" "cmTC_98198"
[1/2] Building C object CMakeFiles/cmTC_98198.dir/CheckIncludeFile.c.o
[2/2] Linking C executable cmTC_98198


Determining if the include file sys/stat.h exists passed with the following output:
Change Dir: /home/felix/Desktop/NativeSetup/swift-linuxSetup/native_install/build/2pass/llvm-linux-x86_64/CMakeFiles/CMakeTmp

Run Build Command:"/usr/bin/ninja" "cmTC_5b235"
[1/2] Building C object CMakeFiles/cmTC_5b235.dir/CheckIncludeFile.c.o
[2/2] Linking C executable cmTC_5b235


Determining if the include file sys/time.h exists passed with the following output:
Change Dir: /home/felix/Desktop/NativeSetup/swift-linuxSetup/native_install/build/2pass/llvm-linux-x86_64/CMakeFiles/CMakeTmp

Run Build Command:"/usr/bin/ninja" "cmTC_bda90"
[1/2] Building C object CMakeFiles/cmTC_bda90.dir/CheckIncludeFile.c.o
[2/2] Linking C executable cmTC_bda90


Determining if the include file sys/types.h exists passed with the following output:
Change Dir: /home/felix/Desktop/NativeSetup/swift-linuxSetup/native_install/build/2pass/llvm-linux-x86_64/CMakeFiles/CMakeTmp

Run Build Command:"/usr/bin/ninja" "cmTC_7d81e"
[1/2] Building C object CMakeFiles/cmTC_7d81e.dir/CheckIncludeFile.c.o
[2/2] Linking C executable cmTC_7d81e


Determining if the include file sys/uio.h exists passed with the following output:
Change Dir: /home/felix/Desktop/NativeSetup/swift-linuxSetup/native_install/build/2pass/llvm-linux-x86_64/CMakeFiles/CMakeTmp

Run Build Command:"/usr/bin/ninja" "cmTC_cd3b0"
[1/2] Building C object CMakeFiles/cmTC_cd3b0.dir/CheckIncludeFile.c.o
[2/2] Linking C executable cmTC_cd3b0


Determining if the include file termios.h exists passed with the following output:
Change Dir: /home/felix/Desktop/NativeSetup/swift-linuxSetup/native_install/build/2pass/llvm-linux-x86_64/CMakeFiles/CMakeTmp

Run Build Command:"/usr/bin/ninja" "cmTC_c0638"
[1/2] Building C object CMakeFiles/cmTC_c0638.dir/CheckIncludeFile.c.o
[2/2] Linking C executable cmTC_c0638


Determining if the include file unistd.h exists passed with the following output:
Change Dir: /home/felix/Desktop/NativeSetup/swift-linuxSetup/native_install/build/2pass/llvm-linux-x86_64/CMakeFiles/CMakeTmp

Run Build Command:"/usr/bin/ninja" "cmTC_9d04f"
[1/2] Building C object CMakeFiles/cmTC_9d04f.dir/CheckIncludeFile.c.o
[2/2] Linking C executable cmTC_9d04f


Determining if the include file utime.h exists passed with the following output:
Change Dir: /home/felix/Desktop/NativeSetup/swift-linuxSetup/native_install/build/2pass/llvm-linux-x86_64/CMakeFiles/CMakeTmp

Run Build Command:"/usr/bin/ninja" "cmTC_829db"
[1/2] Building C object CMakeFiles/cmTC_829db.dir/CheckIncludeFile.c.o
[2/2] Linking C executable cmTC_829db


Determining if the include file fenv.h exists passed with the following output:
Change Dir: /home/felix/Desktop/NativeSetup/swift-linuxSetup/native_install/build/2pass/llvm-linux-x86_64/CMakeFiles/CMakeTmp

Run Build Command:"/usr/bin/ninja" "cmTC_3c0a3"
[1/2] Building C object CMakeFiles/cmTC_3c0a3.dir/CheckIncludeFile.c.o
[2/2] Linking C executable cmTC_3c0a3


Determining if the FE_ALL_EXCEPT exist passed with the following output:
Change Dir: /home/felix/Desktop/NativeSetup/swift-linuxSetup/native_install/build/2pass/llvm-linux-x86_64/CMakeFiles/CMakeTmp

Run Build Command:"/usr/bin/ninja" "cmTC_d88b7"
[1/2] Building C object CMakeFiles/cmTC_d88b7.dir/CheckSymbolExists.c.o
[2/2] Linking C executable cmTC_d88b7

File /home/felix/Desktop/NativeSetup/swift-linuxSetup/native_install/build/2pass/llvm-linux-x86_64/CMakeFiles/CMakeTmp/CheckSymbolExists.c:
/* */
#include <fenv.h>

int main(int argc, char** argv)
{
  (void)argv;
#ifndef FE_ALL_EXCEPT
  return ((int*)(&FE_ALL_EXCEPT))[argc];
#else
  (void)argc;
  return 0;
#endif
}

Determining if the FE_INEXACT exist passed with the following output:
Change Dir: /home/felix/Desktop/NativeSetup/swift-linuxSetup/native_install/build/2pass/llvm-linux-x86_64/CMakeFiles/CMakeTmp

Run Build Command:"/usr/bin/ninja" "cmTC_0049f"
[1/2] Building C object CMakeFiles/cmTC_0049f.dir/CheckSymbolExists.c.o
[2/2] Linking C executable cmTC_0049f

File /home/felix/Desktop/NativeSetup/swift-linuxSetup/native_install/build/2pass/llvm-linux-x86_64/CMakeFiles/CMakeTmp/CheckSymbolExists.c:
/* */
#include <fenv.h>

int main(int argc, char** argv)
{
  (void)argv;
#ifndef FE_INEXACT
  return ((int*)(&FE_INEXACT))[argc];
#else
  (void)argc;
  return 0;
#endif
}

Determining if the include file histedit.h exists passed with the following output:
Change Dir: /home/felix/Desktop/NativeSetup/swift-linuxSetup/native_install/build/2pass/llvm-linux-x86_64/CMakeFiles/CMakeTmp

Run Build Command:"/usr/bin/ninja" "cmTC_3f68d"
[1/2] Building C object CMakeFiles/cmTC_3f68d.dir/CheckIncludeFile.c.o
[2/2] Linking C executable cmTC_3f68d


Performing C++ SOURCE FILE Test HAVE_CXXABI_H succeeded with the following output:
Change Dir: /home/felix/Desktop/NativeSetup/swift-linuxSetup/native_install/build/2pass/llvm-linux-x86_64/CMakeFiles/CMakeTmp

Run Build Command:"/usr/bin/ninja" "cmTC_d1b6f"
[1/2] Building CXX object CMakeFiles/cmTC_d1b6f.dir/src.cxx.o
[2/2] Linking CXX executable cmTC_d1b6f

Source file was:

#include <stddef.h>
#include <cxxabi.h>
int main() { return 0; }

Determining if the function pthread_create exists in the pthread passed with the following output:
Change Dir: /home/felix/Desktop/NativeSetup/swift-linuxSetup/native_install/build/2pass/llvm-linux-x86_64/CMakeFiles/CMakeTmp

Run Build Command:"/usr/bin/ninja" "cmTC_2c88f"
[1/2] Building C object CMakeFiles/cmTC_2c88f.dir/CheckFunctionExists.c.o
[2/2] Linking C executable cmTC_2c88f


Determining if the function pthread_getspecific exists in the pthread passed with the following output:
Change Dir: /home/felix/Desktop/NativeSetup/swift-linuxSetup/native_install/build/2pass/llvm-linux-x86_64/CMakeFiles/CMakeTmp

Run Build Command:"/usr/bin/ninja" "cmTC_58b93"
[1/2] Building C object CMakeFiles/cmTC_58b93.dir/CheckFunctionExists.c.o
[2/2] Linking C executable cmTC_58b93


Determining if the function pthread_rwlock_init exists in the pthread passed with the following output:
Change Dir: /home/felix/Desktop/NativeSetup/swift-linuxSetup/native_install/build/2pass/llvm-linux-x86_64/CMakeFiles/CMakeTmp

Run Build Command:"/usr/bin/ninja" "cmTC_94cb9"
[1/2] Building C object CMakeFiles/cmTC_94cb9.dir/CheckFunctionExists.c.o
[2/2] Linking C executable cmTC_94cb9


Determining if the function pthread_mutex_lock exists in the pthread passed with the following output:
Change Dir: /home/felix/Desktop/NativeSetup/swift-linuxSetup/native_install/build/2pass/llvm-linux-x86_64/CMakeFiles/CMakeTmp

Run Build Command:"/usr/bin/ninja" "cmTC_f983f"
[1/2] Building C object CMakeFiles/cmTC_f983f.dir/CheckFunctionExists.c.o
[2/2] Linking C executable cmTC_f983f


Determining if the function dlopen exists in the dl passed with the following output:
Change Dir: /home/felix/Desktop/NativeSetup/swift-linuxSetup/native_install/build/2pass/llvm-linux-x86_64/CMakeFiles/CMakeTmp

Run Build Command:"/usr/bin/ninja" "cmTC_83a5b"
[1/2] Building C object CMakeFiles/cmTC_83a5b.dir/CheckFunctionExists.c.o
[2/2] Linking C executable cmTC_83a5b


Determining if the function clock_gettime exists in the rt passed with the following output:
Change Dir: /home/felix/Desktop/NativeSetup/swift-linuxSetup/native_install/build/2pass/llvm-linux-x86_64/CMakeFiles/CMakeTmp

Run Build Command:"/usr/bin/ninja" "cmTC_0165a"
[1/2] Building C object CMakeFiles/cmTC_0165a.dir/CheckFunctionExists.c.o
[2/2] Linking C executable cmTC_0165a


Determining if the include file pthread.h exists passed with the following output:
Change Dir: /home/felix/Desktop/NativeSetup/swift-linuxSetup/native_install/build/2pass/llvm-linux-x86_64/CMakeFiles/CMakeTmp

Run Build Command:"/usr/bin/ninja" "cmTC_f03cf"
[1/2] Building C object CMakeFiles/cmTC_f03cf.dir/CheckIncludeFile.c.o
[2/2] Linking C executable cmTC_f03cf


Determining if the function pthread_create exists in the pthread passed with the following output:
Change Dir: /home/felix/Desktop/NativeSetup/swift-linuxSetup/native_install/build/2pass/llvm-linux-x86_64/CMakeFiles/CMakeTmp

Run Build Command:"/usr/bin/ninja" "cmTC_e905a"
[1/2] Building C object CMakeFiles/cmTC_e905a.dir/CheckFunctionExists.c.o
[2/2] Linking C executable cmTC_e905a


Determining if the function el_init exists in the edit passed with the following output:
Change Dir: /home/felix/Desktop/NativeSetup/swift-linuxSetup/native_install/build/2pass/llvm-linux-x86_64/CMakeFiles/CMakeTmp

Run Build Command:"/usr/bin/ninja" "cmTC_a0d48"
[1/2] Building C object CMakeFiles/cmTC_a0d48.dir/CheckFunctionExists.c.o
[2/2] Linking C executable cmTC_a0d48


Determining if the function setupterm exists in the tinfo passed with the following output:
Change Dir: /home/felix/Desktop/NativeSetup/swift-linuxSetup/native_install/build/2pass/llvm-linux-x86_64/CMakeFiles/CMakeTmp

Run Build Command:"/usr/bin/ninja" "cmTC_45357"
[1/2] Building C object CMakeFiles/cmTC_45357.dir/CheckFunctionExists.c.o
[2/2] Linking C executable cmTC_45357


Determining if the backtrace exist passed with the following output:
Change Dir: /home/felix/Desktop/NativeSetup/swift-linuxSetup/native_install/build/2pass/llvm-linux-x86_64/CMakeFiles/CMakeTmp

Run Build Command:"/usr/bin/ninja" "cmTC_c5f67"
[1/2] Building C object CMakeFiles/cmTC_c5f67.dir/CheckSymbolExists.c.o
[2/2] Linking C executable cmTC_c5f67

File /home/felix/Desktop/NativeSetup/swift-linuxSetup/native_install/build/2pass/llvm-linux-x86_64/CMakeFiles/CMakeTmp/CheckSymbolExists.c:
/* */
#include <execinfo.h>

int main(int argc, char** argv)
{
  (void)argv;
#ifndef backtrace
  return ((int*)(&backtrace))[argc];
#else
  (void)argc;
  return 0;
#endif
}

Determining if the _Unwind_Backtrace exist passed with the following output:
Change Dir: /home/felix/Desktop/NativeSetup/swift-linuxSetup/native_install/build/2pass/llvm-linux-x86_64/CMakeFiles/CMakeTmp

Run Build Command:"/usr/bin/ninja" "cmTC_fd795"
[1/2] Building C object CMakeFiles/cmTC_fd795.dir/CheckSymbolExists.c.o
[2/2] Linking C executable cmTC_fd795

File /home/felix/Desktop/NativeSetup/swift-linuxSetup/native_install/build/2pass/llvm-linux-x86_64/CMakeFiles/CMakeTmp/CheckSymbolExists.c:
/* */
#include <unwind.h>

int main(int argc, char** argv)
{
  (void)argv;
#ifndef _Unwind_Backtrace
  return ((int*)(&_Unwind_Backtrace))[argc];
#else
  (void)argc;
  return 0;
#endif
}

Determining if the getpagesize exist passed with the following output:
Change Dir: /home/felix/Desktop/NativeSetup/swift-linuxSetup/native_install/build/2pass/llvm-linux-x86_64/CMakeFiles/CMakeTmp

Run Build Command:"/usr/bin/ninja" "cmTC_f65c7"
[1/2] Building C object CMakeFiles/cmTC_f65c7.dir/CheckSymbolExists.c.o
[2/2] Linking C executable cmTC_f65c7

File /home/felix/Desktop/NativeSetup/swift-linuxSetup/native_install/build/2pass/llvm-linux-x86_64/CMakeFiles/CMakeTmp/CheckSymbolExists.c:
/* */
#include <unistd.h>

int main(int argc, char** argv)
{
  (void)argv;
#ifndef getpagesize
  return ((int*)(&getpagesize))[argc];
#else
  (void)argc;
  return 0;
#endif
}

Determining if the getrusage exist passed with the following output:
Change Dir: /home/felix/Desktop/NativeSetup/swift-linuxSetup/native_install/build/2pass/llvm-linux-x86_64/CMakeFiles/CMakeTmp

Run Build Command:"/usr/bin/ninja" "cmTC_b0419"
[1/2] Building C object CMakeFiles/cmTC_b0419.dir/CheckSymbolExists.c.o
[2/2] Linking C executable cmTC_b0419

File /home/felix/Desktop/NativeSetup/swift-linuxSetup/native_install/build/2pass/llvm-linux-x86_64/CMakeFiles/CMakeTmp/CheckSymbolExists.c:
/* */
#include <sys/resource.h>

int main(int argc, char** argv)
{
  (void)argv;
#ifndef getrusage
  return ((int*)(&getrusage))[argc];
#else
  (void)argc;
  return 0;
#endif
}

Determining if the setrlimit exist passed with the following output:
Change Dir: /home/felix/Desktop/NativeSetup/swift-linuxSetup/native_install/build/2pass/llvm-linux-x86_64/CMakeFiles/CMakeTmp

Run Build Command:"/usr/bin/ninja" "cmTC_81374"
[1/2] Building C object CMakeFiles/cmTC_81374.dir/CheckSymbolExists.c.o
[2/2] Linking C executable cmTC_81374

File /home/felix/Desktop/NativeSetup/swift-linuxSetup/native_install/build/2pass/llvm-linux-x86_64/CMakeFiles/CMakeTmp/CheckSymbolExists.c:
/* */
#include <sys/resource.h>

int main(int argc, char** argv)
{
  (void)argv;
#ifndef setrlimit
  return ((int*)(&setrlimit))[argc];
#else
  (void)argc;
  return 0;
#endif
}

Determining if the isatty exist passed with the following output:
Change Dir: /home/felix/Desktop/NativeSetup/swift-linuxSetup/native_install/build/2pass/llvm-linux-x86_64/CMakeFiles/CMakeTmp

Run Build Command:"/usr/bin/ninja" "cmTC_097a1"
[1/2] Building C object CMakeFiles/cmTC_097a1.dir/CheckSymbolExists.c.o
[2/2] Linking C executable cmTC_097a1

File /home/felix/Desktop/NativeSetup/swift-linuxSetup/native_install/build/2pass/llvm-linux-x86_64/CMakeFiles/CMakeTmp/CheckSymbolExists.c:
/* */
#include <unistd.h>

int main(int argc, char** argv)
{
  (void)argv;
#ifndef isatty
  return ((int*)(&isatty))[argc];
#else
  (void)argc;
  return 0;
#endif
}

Determining if the futimens exist passed with the following output:
Change Dir: /home/felix/Desktop/NativeSetup/swift-linuxSetup/native_install/build/2pass/llvm-linux-x86_64/CMakeFiles/CMakeTmp

Run Build Command:"/usr/bin/ninja" "cmTC_fec8c"
[1/2] Building C object CMakeFiles/cmTC_fec8c.dir/CheckSymbolExists.c.o
[2/2] Linking C executable cmTC_fec8c

File /home/felix/Desktop/NativeSetup/swift-linuxSetup/native_install/build/2pass/llvm-linux-x86_64/CMakeFiles/CMakeTmp/CheckSymbolExists.c:
/* */
#include <sys/stat.h>

int main(int argc, char** argv)
{
  (void)argv;
#ifndef futimens
  return ((int*)(&futimens))[argc];
#else
  (void)argc;
  return 0;
#endif
}

Determining if the futimes exist passed with the following output:
Change Dir: /home/felix/Desktop/NativeSetup/swift-linuxSetup/native_install/build/2pass/llvm-linux-x86_64/CMakeFiles/CMakeTmp

Run Build Command:"/usr/bin/ninja" "cmTC_f05f5"
[1/2] Building C object CMakeFiles/cmTC_f05f5.dir/CheckSymbolExists.c.o
[2/2] Linking C executable cmTC_f05f5

File /home/felix/Desktop/NativeSetup/swift-linuxSetup/native_install/build/2pass/llvm-linux-x86_64/CMakeFiles/CMakeTmp/CheckSymbolExists.c:
/* */
#include <sys/time.h>

int main(int argc, char** argv)
{
  (void)argv;
#ifndef futimes
  return ((int*)(&futimes))[argc];
#else
  (void)argc;
  return 0;
#endif
}

Determining if the posix_fallocate exist passed with the following output:
Change Dir: /home/felix/Desktop/NativeSetup/swift-linuxSetup/native_install/build/2pass/llvm-linux-x86_64/CMakeFiles/CMakeTmp

Run Build Command:"/usr/bin/ninja" "cmTC_040c5"
[1/2] Building C object CMakeFiles/cmTC_040c5.dir/CheckSymbolExists.c.o
[2/2] Linking C executable cmTC_040c5

File /home/felix/Desktop/NativeSetup/swift-linuxSetup/native_install/build/2pass/llvm-linux-x86_64/CMakeFiles/CMakeTmp/CheckSymbolExists.c:
/* */
#include <fcntl.h>

int main(int argc, char** argv)
{
  (void)argv;
#ifndef posix_fallocate
  return ((int*)(&posix_fallocate))[argc];
#else
  (void)argc;
  return 0;
#endif
}

Determining if the sigaltstack exist passed with the following output:
Change Dir: /home/felix/Desktop/NativeSetup/swift-linuxSetup/native_install/build/2pass/llvm-linux-x86_64/CMakeFiles/CMakeTmp

Run Build Command:"/usr/bin/ninja" "cmTC_028b5"
[1/2] Building C object CMakeFiles/cmTC_028b5.dir/CheckSymbolExists.c.o
[2/2] Linking C executable cmTC_028b5

File /home/felix/Desktop/NativeSetup/swift-linuxSetup/native_install/build/2pass/llvm-linux-x86_64/CMakeFiles/CMakeTmp/CheckSymbolExists.c:
/* */
#include <signal.h>

int main(int argc, char** argv)
{
  (void)argv;
#ifndef sigaltstack
  return ((int*)(&sigaltstack))[argc];
#else
  (void)argc;
  return 0;
#endif
}

Determining if the writev exist passed with the following output:
Change Dir: /home/felix/Desktop/NativeSetup/swift-linuxSetup/native_install/build/2pass/llvm-linux-x86_64/CMakeFiles/CMakeTmp

Run Build Command:"/usr/bin/ninja" "cmTC_b3c0d"
[1/2] Building C object CMakeFiles/cmTC_b3c0d.dir/CheckSymbolExists.c.o
[2/2] Linking C executable cmTC_b3c0d

File /home/felix/Desktop/NativeSetup/swift-linuxSetup/native_install/build/2pass/llvm-linux-x86_64/CMakeFiles/CMakeTmp/CheckSymbolExists.c:
/* */
#include <sys/uio.h>

int main(int argc, char** argv)
{
  (void)argv;
#ifndef writev
  return ((int*)(&writev))[argc];
#else
  (void)argc;
  return 0;
#endif
}

Determining if the mallinfo exist passed with the following output:
Change Dir: /home/felix/Desktop/NativeSetup/swift-linuxSetup/native_install/build/2pass/llvm-linux-x86_64/CMakeFiles/CMakeTmp

Run Build Command:"/usr/bin/ninja" "cmTC_df23f"
[1/2] Building C object CMakeFiles/cmTC_df23f.dir/CheckSymbolExists.c.o
[2/2] Linking C executable cmTC_df23f

File /home/felix/Desktop/NativeSetup/swift-linuxSetup/native_install/build/2pass/llvm-linux-x86_64/CMakeFiles/CMakeTmp/CheckSymbolExists.c:
/* */
#include <malloc.h>

int main(int argc, char** argv)
{
  (void)argv;
#ifndef mallinfo
  return ((int*)(&mallinfo))[argc];
#else
  (void)argc;
  return 0;
#endif
}

Determining if the mkdtemp exist passed with the following output:
Change Dir: /home/felix/Desktop/NativeSetup/swift-linuxSetup/native_install/build/2pass/llvm-linux-x86_64/CMakeFiles/CMakeTmp

Run Build Command:"/usr/bin/ninja" "cmTC_1e9e0"
[1/2] Building C object CMakeFiles/cmTC_1e9e0.dir/CheckSymbolExists.c.o
[2/2] Linking C executable cmTC_1e9e0

File /home/felix/Desktop/NativeSetup/swift-linuxSetup/native_install/build/2pass/llvm-linux-x86_64/CMakeFiles/CMakeTmp/CheckSymbolExists.c:
/* */
#include <stdlib.h>
#include <unistd.h>

int main(int argc, char** argv)
{
  (void)argv;
#ifndef mkdtemp
  return ((int*)(&mkdtemp))[argc];
#else
  (void)argc;
  return 0;
#endif
}

Determining if the mkstemp exist passed with the following output:
Change Dir: /home/felix/Desktop/NativeSetup/swift-linuxSetup/native_install/build/2pass/llvm-linux-x86_64/CMakeFiles/CMakeTmp

Run Build Command:"/usr/bin/ninja" "cmTC_49855"
[1/2] Building C object CMakeFiles/cmTC_49855.dir/CheckSymbolExists.c.o
[2/2] Linking C executable cmTC_49855

File /home/felix/Desktop/NativeSetup/swift-linuxSetup/native_install/build/2pass/llvm-linux-x86_64/CMakeFiles/CMakeTmp/CheckSymbolExists.c:
/* */
#include <stdlib.h>
#include <unistd.h>

int main(int argc, char** argv)
{
  (void)argv;
#ifndef mkstemp
  return ((int*)(&mkstemp))[argc];
#else
  (void)argc;
  return 0;
#endif
}

Determining if the mktemp exist passed with the following output:
Change Dir: /home/felix/Desktop/NativeSetup/swift-linuxSetup/native_install/build/2pass/llvm-linux-x86_64/CMakeFiles/CMakeTmp

Run Build Command:"/usr/bin/ninja" "cmTC_29d90"
[1/2] Building C object CMakeFiles/cmTC_29d90.dir/CheckSymbolExists.c.o
[2/2] Linking C executable cmTC_29d90
CMakeFiles/cmTC_29d90.dir/CheckSymbolExists.c.o:CheckSymbolExists.c:function main: warning: the use of `mktemp' is dangerous, better use `mkstemp' or `mkdtemp'

File /home/felix/Desktop/NativeSetup/swift-linuxSetup/native_install/build/2pass/llvm-linux-x86_64/CMakeFiles/CMakeTmp/CheckSymbolExists.c:
/* */
#include <stdlib.h>
#include <unistd.h>

int main(int argc, char** argv)
{
  (void)argv;
#ifndef mktemp
  return ((int*)(&mktemp))[argc];
#else
  (void)argc;
  return 0;
#endif
}

Determining if the closedir exist passed with the following output:
Change Dir: /home/felix/Desktop/NativeSetup/swift-linuxSetup/native_install/build/2pass/llvm-linux-x86_64/CMakeFiles/CMakeTmp

Run Build Command:"/usr/bin/ninja" "cmTC_dd6c4"
[1/2] Building C object CMakeFiles/cmTC_dd6c4.dir/CheckSymbolExists.c.o
[2/2] Linking C executable cmTC_dd6c4

File /home/felix/Desktop/NativeSetup/swift-linuxSetup/native_install/build/2pass/llvm-linux-x86_64/CMakeFiles/CMakeTmp/CheckSymbolExists.c:
/* */
#include <sys/types.h>
#include <dirent.h>

int main(int argc, char** argv)
{
  (void)argv;
#ifndef closedir
  return ((int*)(&closedir))[argc];
#else
  (void)argc;
  return 0;
#endif
}

Determining if the opendir exist passed with the following output:
Change Dir: /home/felix/Desktop/NativeSetup/swift-linuxSetup/native_install/build/2pass/llvm-linux-x86_64/CMakeFiles/CMakeTmp

Run Build Command:"/usr/bin/ninja" "cmTC_b2f07"
[1/2] Building C object CMakeFiles/cmTC_b2f07.dir/CheckSymbolExists.c.o
[2/2] Linking C executable cmTC_b2f07

File /home/felix/Desktop/NativeSetup/swift-linuxSetup/native_install/build/2pass/llvm-linux-x86_64/CMakeFiles/CMakeTmp/CheckSymbolExists.c:
/* */
#include <sys/types.h>
#include <dirent.h>

int main(int argc, char** argv)
{
  (void)argv;
#ifndef opendir
  return ((int*)(&opendir))[argc];
#else
  (void)argc;
  return 0;
#endif
}

Determining if the readdir exist passed with the following output:
Change Dir: /home/felix/Desktop/NativeSetup/swift-linuxSetup/native_install/build/2pass/llvm-linux-x86_64/CMakeFiles/CMakeTmp

Run Build Command:"/usr/bin/ninja" "cmTC_8a0cb"
[1/2] Building C object CMakeFiles/cmTC_8a0cb.dir/CheckSymbolExists.c.o
[2/2] Linking C executable cmTC_8a0cb

File /home/felix/Desktop/NativeSetup/swift-linuxSetup/native_install/build/2pass/llvm-linux-x86_64/CMakeFiles/CMakeTmp/CheckSymbolExists.c:
/* */
#include <sys/types.h>
#include <dirent.h>

int main(int argc, char** argv)
{
  (void)argv;
#ifndef readdir
  return ((int*)(&readdir))[argc];
#else
  (void)argc;
  return 0;
#endif
}

Determining if the getcwd exist passed with the following output:
Change Dir: /home/felix/Desktop/NativeSetup/swift-linuxSetup/native_install/build/2pass/llvm-linux-x86_64/CMakeFiles/CMakeTmp

Run Build Command:"/usr/bin/ninja" "cmTC_e24bd"
[1/2] Building C object CMakeFiles/cmTC_e24bd.dir/CheckSymbolExists.c.o
[2/2] Linking C executable cmTC_e24bd

File /home/felix/Desktop/NativeSetup/swift-linuxSetup/native_install/build/2pass/llvm-linux-x86_64/CMakeFiles/CMakeTmp/CheckSymbolExists.c:
/* */
#include <unistd.h>

int main(int argc, char** argv)
{
  (void)argv;
#ifndef getcwd
  return ((int*)(&getcwd))[argc];
#else
  (void)argc;
  return 0;
#endif
}

Determining if the gettimeofday exist passed with the following output:
Change Dir: /home/felix/Desktop/NativeSetup/swift-linuxSetup/native_install/build/2pass/llvm-linux-x86_64/CMakeFiles/CMakeTmp

Run Build Command:"/usr/bin/ninja" "cmTC_6c04b"
[1/2] Building C object CMakeFiles/cmTC_6c04b.dir/CheckSymbolExists.c.o
[2/2] Linking C executable cmTC_6c04b

File /home/felix/Desktop/NativeSetup/swift-linuxSetup/native_install/build/2pass/llvm-linux-x86_64/CMakeFiles/CMakeTmp/CheckSymbolExists.c:
/* */
#include <sys/time.h>

int main(int argc, char** argv)
{
  (void)argv;
#ifndef gettimeofday
  return ((int*)(&gettimeofday))[argc];
#else
  (void)argc;
  return 0;
#endif
}

Determining if the getrlimit exist passed with the following output:
Change Dir: /home/felix/Desktop/NativeSetup/swift-linuxSetup/native_install/build/2pass/llvm-linux-x86_64/CMakeFiles/CMakeTmp

Run Build Command:"/usr/bin/ninja" "cmTC_95b80"
[1/2] Building C object CMakeFiles/cmTC_95b80.dir/CheckSymbolExists.c.o
[2/2] Linking C executable cmTC_95b80

File /home/felix/Desktop/NativeSetup/swift-linuxSetup/native_install/build/2pass/llvm-linux-x86_64/CMakeFiles/CMakeTmp/CheckSymbolExists.c:
/* */
#include <sys/types.h>
#include <sys/time.h>
#include <sys/resource.h>

int main(int argc, char** argv)
{
  (void)argv;
#ifndef getrlimit
  return ((int*)(&getrlimit))[argc];
#else
  (void)argc;
  return 0;
#endif
}

Determining if the posix_spawn exist passed with the following output:
Change Dir: /home/felix/Desktop/NativeSetup/swift-linuxSetup/native_install/build/2pass/llvm-linux-x86_64/CMakeFiles/CMakeTmp

Run Build Command:"/usr/bin/ninja" "cmTC_e26db"
[1/2] Building C object CMakeFiles/cmTC_e26db.dir/CheckSymbolExists.c.o
[2/2] Linking C executable cmTC_e26db

File /home/felix/Desktop/NativeSetup/swift-linuxSetup/native_install/build/2pass/llvm-linux-x86_64/CMakeFiles/CMakeTmp/CheckSymbolExists.c:
/* */
#include <spawn.h>

int main(int argc, char** argv)
{
  (void)argv;
#ifndef posix_spawn
  return ((int*)(&posix_spawn))[argc];
#else
  (void)argc;
  return 0;
#endif
}

Determining if the pread exist passed with the following output:
Change Dir: /home/felix/Desktop/NativeSetup/swift-linuxSetup/native_install/build/2pass/llvm-linux-x86_64/CMakeFiles/CMakeTmp

Run Build Command:"/usr/bin/ninja" "cmTC_63b74"
[1/2] Building C object CMakeFiles/cmTC_63b74.dir/CheckSymbolExists.c.o
[2/2] Linking C executable cmTC_63b74

File /home/felix/Desktop/NativeSetup/swift-linuxSetup/native_install/build/2pass/llvm-linux-x86_64/CMakeFiles/CMakeTmp/CheckSymbolExists.c:
/* */
#include <unistd.h>

int main(int argc, char** argv)
{
  (void)argv;
#ifndef pread
  return ((int*)(&pread))[argc];
#else
  (void)argc;
  return 0;
#endif
}

Determining if the realpath exist passed with the following output:
Change Dir: /home/felix/Desktop/NativeSetup/swift-linuxSetup/native_install/build/2pass/llvm-linux-x86_64/CMakeFiles/CMakeTmp

Run Build Command:"/usr/bin/ninja" "cmTC_2837f"
[1/2] Building C object CMakeFiles/cmTC_2837f.dir/CheckSymbolExists.c.o
[2/2] Linking C executable cmTC_2837f

File /home/felix/Desktop/NativeSetup/swift-linuxSetup/native_install/build/2pass/llvm-linux-x86_64/CMakeFiles/CMakeTmp/CheckSymbolExists.c:
/* */
#include <stdlib.h>

int main(int argc, char** argv)
{
  (void)argv;
#ifndef realpath
  return ((int*)(&realpath))[argc];
#else
  (void)argc;
  return 0;
#endif
}

Determining if the sbrk exist passed with the following output:
Change Dir: /home/felix/Desktop/NativeSetup/swift-linuxSetup/native_install/build/2pass/llvm-linux-x86_64/CMakeFiles/CMakeTmp

Run Build Command:"/usr/bin/ninja" "cmTC_436c0"
[1/2] Building C object CMakeFiles/cmTC_436c0.dir/CheckSymbolExists.c.o
[2/2] Linking C executable cmTC_436c0

File /home/felix/Desktop/NativeSetup/swift-linuxSetup/native_install/build/2pass/llvm-linux-x86_64/CMakeFiles/CMakeTmp/CheckSymbolExists.c:
/* */
#include <unistd.h>

int main(int argc, char** argv)
{
  (void)argv;
#ifndef sbrk
  return ((int*)(&sbrk))[argc];
#else
  (void)argc;
  return 0;
#endif
}

Determining if the srand48 exist passed with the following output:
Change Dir: /home/felix/Desktop/NativeSetup/swift-linuxSetup/native_install/build/2pass/llvm-linux-x86_64/CMakeFiles/CMakeTmp

Run Build Command:"/usr/bin/ninja" "cmTC_f5325"
[1/2] Building C object CMakeFiles/cmTC_f5325.dir/CheckSymbolExists.c.o
[2/2] Linking C executable cmTC_f5325

File /home/felix/Desktop/NativeSetup/swift-linuxSetup/native_install/build/2pass/llvm-linux-x86_64/CMakeFiles/CMakeTmp/CheckSymbolExists.c:
/* */
#include <stdlib.h>

int main(int argc, char** argv)
{
  (void)argv;
#ifndef srand48
  return ((int*)(&srand48))[argc];
#else
  (void)argc;
  return 0;
#endif
}

Determining if the lrand48 exist passed with the following output:
Change Dir: /home/felix/Desktop/NativeSetup/swift-linuxSetup/native_install/build/2pass/llvm-linux-x86_64/CMakeFiles/CMakeTmp

Run Build Command:"/usr/bin/ninja" "cmTC_68c34"
[1/2] Building C object CMakeFiles/cmTC_68c34.dir/CheckSymbolExists.c.o
[2/2] Linking C executable cmTC_68c34

File /home/felix/Desktop/NativeSetup/swift-linuxSetup/native_install/build/2pass/llvm-linux-x86_64/CMakeFiles/CMakeTmp/CheckSymbolExists.c:
/* */
#include <stdlib.h>

int main(int argc, char** argv)
{
  (void)argv;
#ifndef lrand48
  return ((int*)(&lrand48))[argc];
#else
  (void)argc;
  return 0;
#endif
}

Determining if the drand48 exist passed with the following output:
Change Dir: /home/felix/Desktop/NativeSetup/swift-linuxSetup/native_install/build/2pass/llvm-linux-x86_64/CMakeFiles/CMakeTmp

Run Build Command:"/usr/bin/ninja" "cmTC_d15e8"
[1/2] Building C object CMakeFiles/cmTC_d15e8.dir/CheckSymbolExists.c.o
[2/2] Linking C executable cmTC_d15e8

File /home/felix/Desktop/NativeSetup/swift-linuxSetup/native_install/build/2pass/llvm-linux-x86_64/CMakeFiles/CMakeTmp/CheckSymbolExists.c:
/* */
#include <stdlib.h>

int main(int argc, char** argv)
{
  (void)argv;
#ifndef drand48
  return ((int*)(&drand48))[argc];
#else
  (void)argc;
  return 0;
#endif
}

Determining if the strtoll exist passed with the following output:
Change Dir: /home/felix/Desktop/NativeSetup/swift-linuxSetup/native_install/build/2pass/llvm-linux-x86_64/CMakeFiles/CMakeTmp

Run Build Command:"/usr/bin/ninja" "cmTC_3ea56"
[1/2] Building C object CMakeFiles/cmTC_3ea56.dir/CheckSymbolExists.c.o
[2/2] Linking C executable cmTC_3ea56

File /home/felix/Desktop/NativeSetup/swift-linuxSetup/native_install/build/2pass/llvm-linux-x86_64/CMakeFiles/CMakeTmp/CheckSymbolExists.c:
/* */
#include <stdlib.h>

int main(int argc, char** argv)
{
  (void)argv;
#ifndef strtoll
  return ((int*)(&strtoll))[argc];
#else
  (void)argc;
  return 0;
#endif
}

Determining if the strtoq exist passed with the following output:
Change Dir: /home/felix/Desktop/NativeSetup/swift-linuxSetup/native_install/build/2pass/llvm-linux-x86_64/CMakeFiles/CMakeTmp

Run Build Command:"/usr/bin/ninja" "cmTC_637ea"
[1/2] Building C object CMakeFiles/cmTC_637ea.dir/CheckSymbolExists.c.o
[2/2] Linking C executable cmTC_637ea

File /home/felix/Desktop/NativeSetup/swift-linuxSetup/native_install/build/2pass/llvm-linux-x86_64/CMakeFiles/CMakeTmp/CheckSymbolExists.c:
/* */
#include <stdlib.h>

int main(int argc, char** argv)
{
  (void)argv;
#ifndef strtoq
  return ((int*)(&strtoq))[argc];
#else
  (void)argc;
  return 0;
#endif
}

Determining if the strerror exist passed with the following output:
Change Dir: /home/felix/Desktop/NativeSetup/swift-linuxSetup/native_install/build/2pass/llvm-linux-x86_64/CMakeFiles/CMakeTmp

Run Build Command:"/usr/bin/ninja" "cmTC_4c20d"
[1/2] Building C object CMakeFiles/cmTC_4c20d.dir/CheckSymbolExists.c.o
[2/2] Linking C executable cmTC_4c20d

File /home/felix/Desktop/NativeSetup/swift-linuxSetup/native_install/build/2pass/llvm-linux-x86_64/CMakeFiles/CMakeTmp/CheckSymbolExists.c:
/* */
#include <string.h>

int main(int argc, char** argv)
{
  (void)argv;
#ifndef strerror
  return ((int*)(&strerror))[argc];
#else
  (void)argc;
  return 0;
#endif
}

Determining if the strerror_r exist passed with the following output:
Change Dir: /home/felix/Desktop/NativeSetup/swift-linuxSetup/native_install/build/2pass/llvm-linux-x86_64/CMakeFiles/CMakeTmp

Run Build Command:"/usr/bin/ninja" "cmTC_2beb7"
[1/2] Building C object CMakeFiles/cmTC_2beb7.dir/CheckSymbolExists.c.o
[2/2] Linking C executable cmTC_2beb7

File /home/felix/Desktop/NativeSetup/swift-linuxSetup/native_install/build/2pass/llvm-linux-x86_64/CMakeFiles/CMakeTmp/CheckSymbolExists.c:
/* */
#include <string.h>

int main(int argc, char** argv)
{
  (void)argv;
#ifndef strerror_r
  return ((int*)(&strerror_r))[argc];
#else
  (void)argc;
  return 0;
#endif
}

Determining if the setenv exist passed with the following output:
Change Dir: /home/felix/Desktop/NativeSetup/swift-linuxSetup/native_install/build/2pass/llvm-linux-x86_64/CMakeFiles/CMakeTmp

Run Build Command:"/usr/bin/ninja" "cmTC_0d6c8"
[1/2] Building C object CMakeFiles/cmTC_0d6c8.dir/CheckSymbolExists.c.o
[2/2] Linking C executable cmTC_0d6c8

File /home/felix/Desktop/NativeSetup/swift-linuxSetup/native_install/build/2pass/llvm-linux-x86_64/CMakeFiles/CMakeTmp/CheckSymbolExists.c:
/* */
#include <stdlib.h>

int main(int argc, char** argv)
{
  (void)argv;
#ifndef setenv
  return ((int*)(&setenv))[argc];
#else
  (void)argc;
  return 0;
#endif
}

Determining if the dlerror exist passed with the following output:
Change Dir: /home/felix/Desktop/NativeSetup/swift-linuxSetup/native_install/build/2pass/llvm-linux-x86_64/CMakeFiles/CMakeTmp

Run Build Command:"/usr/bin/ninja" "cmTC_845d3"
[1/2] Building C object CMakeFiles/cmTC_845d3.dir/CheckSymbolExists.c.o
[2/2] Linking C executable cmTC_845d3

File /home/felix/Desktop/NativeSetup/swift-linuxSetup/native_install/build/2pass/llvm-linux-x86_64/CMakeFiles/CMakeTmp/CheckSymbolExists.c:
/* */
#include <dlfcn.h>

int main(int argc, char** argv)
{
  (void)argv;
#ifndef dlerror
  return ((int*)(&dlerror))[argc];
#else
  (void)argc;
  return 0;
#endif
}

Determining if the dlopen exist passed with the following output:
Change Dir: /home/felix/Desktop/NativeSetup/swift-linuxSetup/native_install/build/2pass/llvm-linux-x86_64/CMakeFiles/CMakeTmp

Run Build Command:"/usr/bin/ninja" "cmTC_822f3"
[1/2] Building C object CMakeFiles/cmTC_822f3.dir/CheckSymbolExists.c.o
[2/2] Linking C executable cmTC_822f3

File /home/felix/Desktop/NativeSetup/swift-linuxSetup/native_install/build/2pass/llvm-linux-x86_64/CMakeFiles/CMakeTmp/CheckSymbolExists.c:
/* */
#include <dlfcn.h>

int main(int argc, char** argv)
{
  (void)argv;
#ifndef dlopen
  return ((int*)(&dlopen))[argc];
#else
  (void)argc;
  return 0;
#endif
}

Determining if the __GLIBC__ exist passed with the following output:
Change Dir: /home/felix/Desktop/NativeSetup/swift-linuxSetup/native_install/build/2pass/llvm-linux-x86_64/CMakeFiles/CMakeTmp

Run Build Command:"/usr/bin/ninja" "cmTC_5b047"
[1/2] Building C object CMakeFiles/cmTC_5b047.dir/CheckSymbolExists.c.o
[2/2] Linking C executable cmTC_5b047

File /home/felix/Desktop/NativeSetup/swift-linuxSetup/native_install/build/2pass/llvm-linux-x86_64/CMakeFiles/CMakeTmp/CheckSymbolExists.c:
/* */
#include <stdio.h>

int main(int argc, char** argv)
{
  (void)argv;
#ifndef __GLIBC__
  return ((int*)(&__GLIBC__))[argc];
#else
  (void)argc;
  return 0;
#endif
}

Performing C++ SOURCE FILE Test HAVE_INT64_T succeeded with the following output:
Change Dir: /home/felix/Desktop/NativeSetup/swift-linuxSetup/native_install/build/2pass/llvm-linux-x86_64/CMakeFiles/CMakeTmp

Run Build Command:"/usr/bin/ninja" "cmTC_20f1c"
[1/2] Building CXX object CMakeFiles/cmTC_20f1c.dir/src.cxx.o
[2/2] Linking CXX executable cmTC_20f1c

Source file was:

    #include<sys/types.h>
#include<inttypes.h>
#include<stdint.h>
 int64_t typeVar;
    int main() {
        return 0;
    }
    
Performing C++ SOURCE FILE Test HAVE_UINT64_T succeeded with the following output:
Change Dir: /home/felix/Desktop/NativeSetup/swift-linuxSetup/native_install/build/2pass/llvm-linux-x86_64/CMakeFiles/CMakeTmp

Run Build Command:"/usr/bin/ninja" "cmTC_34d51"
[1/2] Building CXX object CMakeFiles/cmTC_34d51.dir/src.cxx.o
[2/2] Linking CXX executable cmTC_34d51

Source file was:

    #include<sys/types.h>
#include<inttypes.h>
#include<stdint.h>
 uint64_t typeVar;
    int main() {
        return 0;
    }
    
Performing C++ SOURCE FILE Test HAVE_U_INT64_T succeeded with the following output:
Change Dir: /home/felix/Desktop/NativeSetup/swift-linuxSetup/native_install/build/2pass/llvm-linux-x86_64/CMakeFiles/CMakeTmp

Run Build Command:"/usr/bin/ninja" "cmTC_fdab5"
[1/2] Building CXX object CMakeFiles/cmTC_fdab5.dir/src.cxx.o
[2/2] Linking CXX executable cmTC_fdab5

Source file was:

    #include<sys/types.h>
#include<inttypes.h>
#include<stdint.h>
 u_int64_t typeVar;
    int main() {
        return 0;
    }
    
Performing C++ SOURCE FILE Test HAVE_CXX_ATOMICS_WITHOUT_LIB succeeded with the following output:
Change Dir: /home/felix/Desktop/NativeSetup/swift-linuxSetup/native_install/build/2pass/llvm-linux-x86_64/CMakeFiles/CMakeTmp

Run Build Command:"/usr/bin/ninja" "cmTC_755ae"
[1/2] Building CXX object CMakeFiles/cmTC_755ae.dir/src.cxx.o
[2/2] Linking CXX executable cmTC_755ae

Source file was:

#include <atomic>
std::atomic<int> x;
int main() {
  return x;
}

Performing C++ SOURCE FILE Test HAVE_CXX_ATOMICS64_WITHOUT_LIB succeeded with the following output:
Change Dir: /home/felix/Desktop/NativeSetup/swift-linuxSetup/native_install/build/2pass/llvm-linux-x86_64/CMakeFiles/CMakeTmp

Run Build Command:"/usr/bin/ninja" "cmTC_bbf73"
[1/2] Building CXX object CMakeFiles/cmTC_bbf73.dir/src.cxx.o
[2/2] Linking CXX executable cmTC_bbf73

Source file was:

#include <atomic>
#include <cstdint>
std::atomic<uint64_t> x (0);
int main() {
  uint64_t i = x.load(std::memory_order_relaxed);
  return 0;
}

Performing C++ SOURCE FILE Test LLVM_HAS_ATOMICS succeeded with the following output:
Change Dir: /home/felix/Desktop/NativeSetup/swift-linuxSetup/native_install/build/2pass/llvm-linux-x86_64/CMakeFiles/CMakeTmp

Run Build Command:"/usr/bin/ninja" "cmTC_fa05c"
[1/2] Building CXX object CMakeFiles/cmTC_fa05c.dir/src.cxx.o
[2/2] Linking CXX executable cmTC_fa05c

Source file was:

#ifdef _MSC_VER
#include <Intrin.h> /* Workaround for PR19898. */
#include <windows.h>
#endif
int main() {
#ifdef _MSC_VER
        volatile LONG val = 1;
        MemoryBarrier();
        InterlockedCompareExchange(&val, 0, 1);
        InterlockedIncrement(&val);
        InterlockedDecrement(&val);
#else
        volatile unsigned long val = 1;
        __sync_synchronize();
        __sync_val_compare_and_swap(&val, 1, 0);
        __sync_add_and_fetch(&val, 1);
        __sync_sub_and_fetch(&val, 1);
#endif
        return 0;
      }

Performing C++ SOURCE FILE Test SUPPORTS_NO_VARIADIC_MACROS_FLAG succeeded with the following output:
Change Dir: /home/felix/Desktop/NativeSetup/swift-linuxSetup/native_install/build/2pass/llvm-linux-x86_64/CMakeFiles/CMakeTmp

Run Build Command:"/usr/bin/ninja" "cmTC_973c1"
[1/2] Building CXX object CMakeFiles/cmTC_973c1.dir/src.cxx.o
[2/2] Linking CXX executable cmTC_973c1

Source file was:
int main() { return 0; }
Performing C SOURCE FILE Test C_SUPPORTS_FPIC succeeded with the following output:
Change Dir: /home/felix/Desktop/NativeSetup/swift-linuxSetup/native_install/build/2pass/llvm-linux-x86_64/CMakeFiles/CMakeTmp

Run Build Command:"/usr/bin/ninja" "cmTC_5d3b6"
[1/2] Building C object CMakeFiles/cmTC_5d3b6.dir/src.c.o
[2/2] Linking C executable cmTC_5d3b6

Source file was:
int main(void) { return 0; }
Performing C++ SOURCE FILE Test CXX_SUPPORTS_FPIC succeeded with the following output:
Change Dir: /home/felix/Desktop/NativeSetup/swift-linuxSetup/native_install/build/2pass/llvm-linux-x86_64/CMakeFiles/CMakeTmp

Run Build Command:"/usr/bin/ninja" "cmTC_38a62"
[1/2] Building CXX object CMakeFiles/cmTC_38a62.dir/src.cxx.o
[2/2] Linking CXX executable cmTC_38a62

Source file was:
int main() { return 0; }
Performing C++ SOURCE FILE Test SUPPORTS_FVISIBILITY_INLINES_HIDDEN_FLAG succeeded with the following output:
Change Dir: /home/felix/Desktop/NativeSetup/swift-linuxSetup/native_install/build/2pass/llvm-linux-x86_64/CMakeFiles/CMakeTmp

Run Build Command:"/usr/bin/ninja" "cmTC_bc93f"
[1/2] Building CXX object CMakeFiles/cmTC_bc93f.dir/src.cxx.o
[2/2] Linking CXX executable cmTC_bc93f

Source file was:
int main() { return 0; }
Performing C++ SOURCE FILE Test CXX_SUPPORTS_MISSING_FIELD_INITIALIZERS_FLAG succeeded with the following output:
Change Dir: /home/felix/Desktop/NativeSetup/swift-linuxSetup/native_install/build/2pass/llvm-linux-x86_64/CMakeFiles/CMakeTmp

Run Build Command:"/usr/bin/ninja" "cmTC_a0a7b"
[1/2] Building CXX object CMakeFiles/cmTC_a0a7b.dir/src.cxx.o
[2/2] Linking CXX executable cmTC_a0a7b

Source file was:
int main() { return 0; }
Performing C SOURCE FILE Test C_SUPPORTS_COVERED_SWITCH_DEFAULT_FLAG succeeded with the following output:
Change Dir: /home/felix/Desktop/NativeSetup/swift-linuxSetup/native_install/build/2pass/llvm-linux-x86_64/CMakeFiles/CMakeTmp

Run Build Command:"/usr/bin/ninja" "cmTC_4f869"
[1/2] Building C object CMakeFiles/cmTC_4f869.dir/src.c.o
[2/2] Linking C executable cmTC_4f869

Source file was:
int main(void) { return 0; }
Performing C++ SOURCE FILE Test CXX_SUPPORTS_COVERED_SWITCH_DEFAULT_FLAG succeeded with the following output:
Change Dir: /home/felix/Desktop/NativeSetup/swift-linuxSetup/native_install/build/2pass/llvm-linux-x86_64/CMakeFiles/CMakeTmp

Run Build Command:"/usr/bin/ninja" "cmTC_ef465"
[1/2] Building CXX object CMakeFiles/cmTC_ef465.dir/src.cxx.o
[2/2] Linking CXX executable cmTC_ef465

Source file was:
int main() { return 0; }
Performing C++ SOURCE FILE Test CXX_WONT_WARN_ON_FINAL_NONVIRTUALDTOR succeeded with the following output:
Change Dir: /home/felix/Desktop/NativeSetup/swift-linuxSetup/native_install/build/2pass/llvm-linux-x86_64/CMakeFiles/CMakeTmp

Run Build Command:"/usr/bin/ninja" "cmTC_43b43"
[1/2] Building CXX object CMakeFiles/cmTC_43b43.dir/src.cxx.o
[2/2] Linking CXX executable cmTC_43b43

Source file was:
class base {public: virtual void anchor();protected: ~base();};
                                 class derived final : public base { public: ~derived();};
                                 int main() { return 0; }
Performing C SOURCE FILE Test C_SUPPORTS_DELETE_NON_VIRTUAL_DTOR_FLAG succeeded with the following output:
Change Dir: /home/felix/Desktop/NativeSetup/swift-linuxSetup/native_install/build/2pass/llvm-linux-x86_64/CMakeFiles/CMakeTmp

Run Build Command:"/usr/bin/ninja" "cmTC_c6604"
[1/2] Building C object CMakeFiles/cmTC_c6604.dir/src.c.o
[2/2] Linking C executable cmTC_c6604

Source file was:
int main(void) { return 0; }
Performing C++ SOURCE FILE Test CXX_SUPPORTS_DELETE_NON_VIRTUAL_DTOR_FLAG succeeded with the following output:
Change Dir: /home/felix/Desktop/NativeSetup/swift-linuxSetup/native_install/build/2pass/llvm-linux-x86_64/CMakeFiles/CMakeTmp

Run Build Command:"/usr/bin/ninja" "cmTC_8fe0c"
[1/2] Building CXX object CMakeFiles/cmTC_8fe0c.dir/src.cxx.o
[2/2] Linking CXX executable cmTC_8fe0c

Source file was:
int main() { return 0; }
Performing C SOURCE FILE Test C_WCOMMENT_ALLOWS_LINE_WRAP succeeded with the following output:
Change Dir: /home/felix/Desktop/NativeSetup/swift-linuxSetup/native_install/build/2pass/llvm-linux-x86_64/CMakeFiles/CMakeTmp

Run Build Command:"/usr/bin/ninja" "cmTC_fd902"
[1/2] Building C object CMakeFiles/cmTC_fd902.dir/src.c.o
[2/2] Linking C executable cmTC_fd902

Source file was:
// \
//
int main() {return 0;}
Performing C SOURCE FILE Test C_SUPPORTS_WERROR_DATE_TIME succeeded with the following output:
Change Dir: /home/felix/Desktop/NativeSetup/swift-linuxSetup/native_install/build/2pass/llvm-linux-x86_64/CMakeFiles/CMakeTmp

Run Build Command:"/usr/bin/ninja" "cmTC_2b98b"
[1/2] Building C object CMakeFiles/cmTC_2b98b.dir/src.c.o
[2/2] Linking C executable cmTC_2b98b

Source file was:
int main(void) { return 0; }
Performing C++ SOURCE FILE Test CXX_SUPPORTS_WERROR_DATE_TIME succeeded with the following output:
Change Dir: /home/felix/Desktop/NativeSetup/swift-linuxSetup/native_install/build/2pass/llvm-linux-x86_64/CMakeFiles/CMakeTmp

Run Build Command:"/usr/bin/ninja" "cmTC_24519"
[1/2] Building CXX object CMakeFiles/cmTC_24519.dir/src.cxx.o
[2/2] Linking CXX executable cmTC_24519

Source file was:
int main() { return 0; }
Performing C++ SOURCE FILE Test CXX_SUPPORTS_CXX11 succeeded with the following output:
Change Dir: /home/felix/Desktop/NativeSetup/swift-linuxSetup/native_install/build/2pass/llvm-linux-x86_64/CMakeFiles/CMakeTmp

Run Build Command:"/usr/bin/ninja" "cmTC_db064"
[1/2] Building CXX object CMakeFiles/cmTC_db064.dir/src.cxx.o
[2/2] Linking CXX executable cmTC_db064

Source file was:
int main() { return 0; }
Performing C SOURCE FILE Test C_SUPPORTS_FNO_FUNCTION_SECTIONS succeeded with the following output:
Change Dir: /home/felix/Desktop/NativeSetup/swift-linuxSetup/native_install/build/2pass/llvm-linux-x86_64/CMakeFiles/CMakeTmp

Run Build Command:"/usr/bin/ninja" "cmTC_31365"
[1/2] Building C object CMakeFiles/cmTC_31365.dir/src.c.o
[2/2] Linking C executable cmTC_31365

Source file was:
int main(void) { return 0; }
Performing C SOURCE FILE Test C_SUPPORTS_FFUNCTION_SECTIONS succeeded with the following output:
Change Dir: /home/felix/Desktop/NativeSetup/swift-linuxSetup/native_install/build/2pass/llvm-linux-x86_64/CMakeFiles/CMakeTmp

Run Build Command:"/usr/bin/ninja" "cmTC_7f745"
[1/2] Building C object CMakeFiles/cmTC_7f745.dir/src.c.o
[2/2] Linking C executable cmTC_7f745

Source file was:
int main(void) { return 0; }
Performing C++ SOURCE FILE Test CXX_SUPPORTS_FFUNCTION_SECTIONS succeeded with the following output:
Change Dir: /home/felix/Desktop/NativeSetup/swift-linuxSetup/native_install/build/2pass/llvm-linux-x86_64/CMakeFiles/CMakeTmp

Run Build Command:"/usr/bin/ninja" "cmTC_ecfdc"
[1/2] Building CXX object CMakeFiles/cmTC_ecfdc.dir/src.cxx.o
[2/2] Linking CXX executable cmTC_ecfdc

Source file was:
int main() { return 0; }
Performing C SOURCE FILE Test C_SUPPORTS_FDATA_SECTIONS succeeded with the following output:
Change Dir: /home/felix/Desktop/NativeSetup/swift-linuxSetup/native_install/build/2pass/llvm-linux-x86_64/CMakeFiles/CMakeTmp

Run Build Command:"/usr/bin/ninja" "cmTC_6a3e7"
[1/2] Building C object CMakeFiles/cmTC_6a3e7.dir/src.c.o
[2/2] Linking C executable cmTC_6a3e7

Source file was:
int main(void) { return 0; }
Performing C++ SOURCE FILE Test CXX_SUPPORTS_FDATA_SECTIONS succeeded with the following output:
Change Dir: /home/felix/Desktop/NativeSetup/swift-linuxSetup/native_install/build/2pass/llvm-linux-x86_64/CMakeFiles/CMakeTmp

Run Build Command:"/usr/bin/ninja" "cmTC_89cda"
[1/2] Building CXX object CMakeFiles/cmTC_89cda.dir/src.cxx.o
[2/2] Linking CXX executable cmTC_89cda

Source file was:
int main() { return 0; }
Performing C++ SOURCE FILE Test CXX_SUPPORTS_NO_NESTED_ANON_TYPES_FLAG succeeded with the following output:
Change Dir: /home/felix/Desktop/NativeSetup/swift-linuxSetup/native_install/build/2pass/llvm-linux-x86_64/CMakeFiles/CMakeTmp

Run Build Command:"/usr/bin/ninja" "cmTC_28b33"
[1/2] Building CXX object CMakeFiles/cmTC_28b33.dir/src.cxx.o
[2/2] Linking CXX executable cmTC_28b33

Source file was:
int main() { return 0; }
